This is pdfTeX, Version 3.14159265-2.6-1.40.21 (MiKTeX 21.1) (preloaded format=pdflatex 2021.2.11)  19 JUN 2021 18:54
entering extended mode
**./project_02.tex
(project_02.tex
LaTeX2e <2020-10-01> patch level 4
L3 programming layer <2021-01-09> xparse <2020-03-03>
(C:\Users\Pedro\AppData\Local\Programs\MiKTeX\tex/latex/base\article.cls
Document Class: article 2020/04/10 v1.4m Standard LaTeX document class
(C:\Users\Pedro\AppData\Local\Programs\MiKTeX\tex/latex/base\size11.clo
File: size11.clo 2020/04/10 v1.4m Standard LaTeX file (size option)
)
\c@part=\count177
\c@section=\count178
\c@subsection=\count179
\c@subsubsection=\count180
\c@paragraph=\count181
\c@subparagraph=\count182
\c@figure=\count183
\c@table=\count184
\abovecaptionskip=\skip47
\belowcaptionskip=\skip48
\bibindent=\dimen138
)
(preamble.tex
(C:\Users\Pedro\AppData\Local\Programs\MiKTeX\tex/latex/base\inputenc.sty
Package: inputenc 2020/08/01 v1.3d Input encoding file
\inpenc@prehook=\toks15
\inpenc@posthook=\toks16
)
(C:\Users\Pedro\AppData\Local\Programs\MiKTeX\tex/latex/base\fontenc.sty
Package: fontenc 2020/08/10 v2.0s Standard LaTeX package
)
(C:\Users\Pedro\AppData\Local\Programs\MiKTeX\tex/generic/babel\babel.sty
Package: babel 2021/01/26 3.53 The Babel package

(C:\Users\Pedro\AppData\Local\Programs\MiKTeX\tex/generic/babel\babel.def
File: babel.def 2021/01/26 3.53 Babel common definitions
\babel@savecnt=\count185
\U@D=\dimen139
\l@babelnohyphens=\language79

(C:\Users\Pedro\AppData\Local\Programs\MiKTeX\tex/generic/babel\txtbabel.def)
\bbl@readstream=\read2
)
\bbl@dirlevel=\count186

*************************************
* Local config file bblopts.cfg used
*
(C:\Users\Pedro\AppData\Local\Programs\MiKTeX\tex/latex/arabi\bblopts.cfg
File: bblopts.cfg 2005/09/08 v0.1 add Arabic and Farsi to "declared" options of
 babel
)
(C:\Users\Pedro\AppData\Local\Programs\MiKTeX\tex/latex/babel-catalan\catalan.l
df
Language: catalan 2005/03/29 v2.2p Catalan support from the babel system
Package babel Info: Making " an active character on input line 91.
\leftllkern=\dimen140
\rightllkern=\dimen141
\raiselldim=\dimen142
))
(C:\Users\Pedro\AppData\Local\Programs\MiKTeX\tex/latex/enumitem\enumitem.sty
Package: enumitem 2019/06/20 v3.9 Customized lists
\enitkv@toks@=\toks17
\labelindent=\skip49
\enit@outerparindent=\dimen143
\enit@toks=\toks18
\enit@inbox=\box47
\enit@count@id=\count187
\enitdp@description=\count188
)
(C:\Users\Pedro\AppData\Local\Programs\MiKTeX\tex/latex/amscls\amsthm.sty
Package: amsthm 2020/05/29 v2.20.6
\thm@style=\toks19
\thm@bodyfont=\toks20
\thm@headfont=\toks21
\thm@notefont=\toks22
\thm@headpunct=\toks23
\thm@preskip=\skip50
\thm@postskip=\skip51
\thm@headsep=\skip52
\dth@everypar=\toks24
)
(C:\Users\Pedro\AppData\Local\Programs\MiKTeX\tex/latex/amsmath\amsmath.sty
Package: amsmath 2020/09/23 v2.17i AMS math features
\@mathmargin=\skip53

For additional information on amsmath, use the `?' option.
(C:\Users\Pedro\AppData\Local\Programs\MiKTeX\tex/latex/amsmath\amstext.sty
Package: amstext 2000/06/29 v2.01 AMS text

(C:\Users\Pedro\AppData\Local\Programs\MiKTeX\tex/latex/amsmath\amsgen.sty
File: amsgen.sty 1999/11/30 v2.0 generic functions
\@emptytoks=\toks25
\ex@=\dimen144
))
(C:\Users\Pedro\AppData\Local\Programs\MiKTeX\tex/latex/amsmath\amsbsy.sty
Package: amsbsy 1999/11/29 v1.2d Bold Symbols
\pmbraise@=\dimen145
)
(C:\Users\Pedro\AppData\Local\Programs\MiKTeX\tex/latex/amsmath\amsopn.sty
Package: amsopn 2016/03/08 v2.02 operator names
)
\inf@bad=\count189
LaTeX Info: Redefining \frac on input line 234.
\uproot@=\count190
\leftroot@=\count191
LaTeX Info: Redefining \overline on input line 399.
\classnum@=\count192
\DOTSCASE@=\count193
LaTeX Info: Redefining \ldots on input line 496.
LaTeX Info: Redefining \dots on input line 499.
LaTeX Info: Redefining \cdots on input line 620.
\Mathstrutbox@=\box48
\strutbox@=\box49
\big@size=\dimen146
LaTeX Font Info:    Redeclaring font encoding OML on input line 743.
LaTeX Font Info:    Redeclaring font encoding OMS on input line 744.
\macc@depth=\count194
\c@MaxMatrixCols=\count195
\dotsspace@=\muskip16
\c@parentequation=\count196
\dspbrk@lvl=\count197
\tag@help=\toks26
\row@=\count198
\column@=\count199
\maxfields@=\count266
\andhelp@=\toks27
\eqnshift@=\dimen147
\alignsep@=\dimen148
\tagshift@=\dimen149
\tagwidth@=\dimen150
\totwidth@=\dimen151
\lineht@=\dimen152
\@envbody=\toks28
\multlinegap=\skip54
\multlinetaggap=\skip55
\mathdisplay@stack=\toks29
LaTeX Info: Redefining \[ on input line 2923.
LaTeX Info: Redefining \] on input line 2924.
)
(C:\Users\Pedro\AppData\Local\Programs\MiKTeX\tex/latex/amsfonts\amssymb.sty
Package: amssymb 2013/01/14 v3.01 AMS font symbols

(C:\Users\Pedro\AppData\Local\Programs\MiKTeX\tex/latex/amsfonts\amsfonts.sty
Package: amsfonts 2013/01/14 v3.01 Basic AMSFonts support
\symAMSa=\mathgroup4
\symAMSb=\mathgroup5
LaTeX Font Info:    Redeclaring math symbol \hbar on input line 98.
LaTeX Font Info:    Overwriting math alphabet `\mathfrak' in version `bold'
(Font)                  U/euf/m/n --> U/euf/b/n on input line 106.
))
(C:\Users\Pedro\AppData\Local\Programs\MiKTeX\tex/latex/mathtools\mathtools.sty
Package: mathtools 2020/03/24 v1.24 mathematical typesetting tools
(C:\Users\Pedro\AppData\Local\Programs\MiKTeX\tex/latex/graphics\keyval.sty
Package: keyval 2014/10/28 v1.15 key=value parser (DPC)
\KV@toks@=\toks30
)
(C:\Users\Pedro\AppData\Local\Programs\MiKTeX\tex/latex/latex-tools\calc.sty
Package: calc 2017/05/25 v4.3 Infix arithmetic (KKT,FJ)
\calc@Acount=\count267
\calc@Bcount=\count268
\calc@Adimen=\dimen153
\calc@Bdimen=\dimen154
\calc@Askip=\skip56
\calc@Bskip=\skip57
LaTeX Info: Redefining \setlength on input line 80.
LaTeX Info: Redefining \addtolength on input line 81.
\calc@Ccount=\count269
\calc@Cskip=\skip58
)
(C:\Users\Pedro\AppData\Local\Programs\MiKTeX\tex/latex/mathtools\mhsetup.sty
Package: mhsetup 2017/03/31 v1.3 programming setup (MH)
)
LaTeX Info: Thecontrolsequence`\('isalreadyrobust on input line 130.
LaTeX Info: Thecontrolsequence`\)'isalreadyrobust on input line 130.
LaTeX Info: Thecontrolsequence`\['isalreadyrobust on input line 130.
LaTeX Info: Thecontrolsequence`\]'isalreadyrobust on input line 130.
\g_MT_multlinerow_int=\count270
\l_MT_multwidth_dim=\dimen155
\origjot=\skip59
\l_MT_shortvdotswithinadjustabove_dim=\dimen156
\l_MT_shortvdotswithinadjustbelow_dim=\dimen157
\l_MT_above_intertext_sep=\dimen158
\l_MT_below_intertext_sep=\dimen159
\l_MT_above_shortintertext_sep=\dimen160
\l_MT_below_shortintertext_sep=\dimen161
\xmathstrut@box=\box50
\xmathstrut@dim=\dimen162
) (C:\Users\Pedro\AppData\Local\Programs\MiKTeX\tex/latex/jknappen\mathrsfs.sty
Package: mathrsfs 1996/01/01 Math RSFS package v1.0 (jk)
\symrsfs=\mathgroup6
) (C:\Users\Pedro\AppData\Local\Programs\MiKTeX\tex/latex/graphics\graphicx.sty
Package: graphicx 2020/09/09 v1.2b Enhanced LaTeX Graphics (DPC,SPQR)

(C:\Users\Pedro\AppData\Local\Programs\MiKTeX\tex/latex/graphics\graphics.sty
Package: graphics 2020/08/30 v1.4c Standard LaTeX Graphics (DPC,SPQR)

(C:\Users\Pedro\AppData\Local\Programs\MiKTeX\tex/latex/graphics\trig.sty
Package: trig 2016/01/03 v1.10 sin cos tan (DPC)
)
(C:\Users\Pedro\AppData\Local\Programs\MiKTeX\tex/latex/graphics-cfg\graphics.c
fg
File: graphics.cfg 2016/06/04 v1.11 sample graphics configuration
)
Package graphics Info: Driver file: pdftex.def on input line 105.

(C:\Users\Pedro\AppData\Local\Programs\MiKTeX\tex/latex/graphics-def\pdftex.def
File: pdftex.def 2020/10/05 v1.2a Graphics/color driver for pdftex
))
\Gin@req@height=\dimen163
\Gin@req@width=\dimen164
)
(C:\Users\Pedro\AppData\Local\Programs\MiKTeX\tex/latex/mathtools\empheq.sty
Package: empheq 2017/03/31 v2.15 Emphasizing equations
\l_EQ_equationtype_int=\count271
\l_EQ_alignmentmode_int=\count272
\l_EQ_totalwidth_dim=\dimen165
\l_EQ_displaywidth_dim=\dimen166
\l_EQ_temp_linewidth_dim=\dimen167
\l_EQ_linewidth_dim=\dimen168
\EmphEqdelimitershortfall=\dimen169
\EmphEqdelimiterfactor=\count273
\g_EQ_toptag_height_dim=\dimen170
\g_EQ_bottomtag_depth_dim=\dimen171
\g_EQ_toprow_height_dim=\dimen172
\g_EQ_bottomrow_depth_dim=\dimen173
\g_EQ_widesttag_dim=\dimen174
\EQ_mathdisplay_box=\box51
\EQ_tag_box=\box52
\g_EQ_temprow_int=\count274
)
(C:\Users\Pedro\AppData\Local\Programs\MiKTeX\tex/latex/geometry\geometry.sty
Package: geometry 2020/01/02 v5.9 Page Geometry

(C:\Users\Pedro\AppData\Local\Programs\MiKTeX\tex/generic/iftex\ifvtex.sty
Package: ifvtex 2019/10/25 v1.7 ifvtex legacy package. Use iftex instead.

(C:\Users\Pedro\AppData\Local\Programs\MiKTeX\tex/generic/iftex\iftex.sty
Package: iftex 2020/03/06 v1.0d TeX engine tests
))
\Gm@cnth=\count275
\Gm@cntv=\count276
\c@Gm@tempcnt=\count277
\Gm@bindingoffset=\dimen175
\Gm@wd@mp=\dimen176
\Gm@odd@mp=\dimen177
\Gm@even@mp=\dimen178
\Gm@layoutwidth=\dimen179
\Gm@layoutheight=\dimen180
\Gm@layouthoffset=\dimen181
\Gm@layoutvoffset=\dimen182
\Gm@dimlist=\toks31

(C:\Users\Pedro\AppData\Local\Programs\MiKTeX\tex/latex/geometry\geometry.cfg))
(C:\Users\Pedro\AppData\Local\Programs\MiKTeX\tex/latex/latex-tools\xspace.sty
Package: xspace 2014/10/28 v1.13 Space after command names (DPC,MH)
) (C:\Users\Pedro\AppData\Local\Programs\MiKTeX\tex/latex/relsize\relsize.sty
Package: relsize 2013/03/29 ver 4.1
)
(C:\Users\Pedro\AppData\Local\Programs\MiKTeX\tex/latex/fancyhdr\fancyhdr.sty
Package: fancyhdr 2021/01/28 v4.0.1 Extensive control of page headers and foote
rs
\f@nch@headwidth=\skip60
\f@nch@O@elh=\skip61
\f@nch@O@erh=\skip62
\f@nch@O@olh=\skip63
\f@nch@O@orh=\skip64
\f@nch@O@elf=\skip65
\f@nch@O@erf=\skip66
\f@nch@O@olf=\skip67
\f@nch@O@orf=\skip68
)
(C:\Users\Pedro\AppData\Local\Programs\MiKTeX\tex/latex/csquotes\csquotes.sty
Package: csquotes 2021-01-04 v5.2k context-sensitive quotations (JAW)

(C:\Users\Pedro\AppData\Local\Programs\MiKTeX\tex/latex/etoolbox\etoolbox.sty
Package: etoolbox 2020/10/05 v2.5k e-TeX tools for LaTeX (JAW)
\etb@tempcnta=\count278
)
\csq@reset=\count279
\csq@gtype=\count280
\csq@glevel=\count281
\csq@qlevel=\count282
\csq@maxlvl=\count283
\csq@tshold=\count284
\csq@ltx@everypar=\toks32

(C:\Users\Pedro\AppData\Local\Programs\MiKTeX\tex/latex/csquotes\csquotes.def
File: csquotes.def 2021-01-04 v5.2k csquotes generic definitions (JAW)
)
Package csquotes Info: Trying to load configuration file 'csquotes.cfg'...
Package csquotes Info: ... configuration file loaded successfully.

(C:\Users\Pedro\AppData\Local\Programs\MiKTeX\tex/latex/csquotes\csquotes.cfg
File: csquotes.cfg 
)
Package csquotes Info: Disabling multilingual quotes.
Package csquotes Info: Redefining alias 'default' -> 'english'.
) (C:\Users\Pedro\AppData\Local\Programs\MiKTeX\tex/latex/titling\titling.sty
Package: titling 2009/09/04 v2.1d maketitle typesetting
\thanksmarkwidth=\skip69
\thanksmargin=\skip70
\droptitle=\skip71
)
(C:\Users\Pedro\AppData\Local\Programs\MiKTeX\tex/latex/accents\accents.sty
Package: accents 2006/05/12 v1.4 Math Accent Tools
\cc@skew=\dimen183
\cc@wd=\dimen184
\cc@code=\count285
\cc@group=\count286
\cc@skewchar=\count287
)
(C:\Users\Pedro\AppData\Local\Programs\MiKTeX\tex/latex/caption\caption.sty
Package: caption 2020/10/26 v3.5g Customizing captions (AR)

(C:\Users\Pedro\AppData\Local\Programs\MiKTeX\tex/latex/caption\caption3.sty
Package: caption3 2020/10/21 v2.2e caption3 kernel (AR)
\captionmargin=\dimen185
\captionmargin@=\dimen186
\captionwidth=\dimen187
\caption@tempdima=\dimen188
\caption@indent=\dimen189
\caption@parindent=\dimen190
\caption@hangindent=\dimen191
Package caption Info: Standard document class detected.
)
\c@caption@flags=\count288
\c@continuedfloat=\count289
)
(C:\Users\Pedro\AppData\Local\Programs\MiKTeX\tex/latex/caption\subcaption.sty
Package: subcaption 2020/10/07 v1.3j Sub-captions (AR)
\c@subfigure=\count290
\c@subtable=\count291
) (C:\Users\Pedro\AppData\Local\Programs\MiKTeX\tex/latex/placeins\placeins.sty
Package: placeins 2005/04/18  v 2.2
) (C:\Users\Pedro\AppData\Local\Programs\MiKTeX\tex/latex/physics\physics.sty
Package: physics 

(C:\Users\Pedro\AppData\Local\Programs\MiKTeX\tex/latex/l3packages/xparse\xpars
e.sty
(C:\Users\Pedro\AppData\Local\Programs\MiKTeX\tex/latex/l3kernel\expl3.sty
Package: expl3 2021-01-09 L3 programming layer (loader) 

(C:\Users\Pedro\AppData\Local\Programs\MiKTeX\tex/latex/l3backend\l3backend-pdf
tex.def
File: l3backend-pdftex.def 2020-01-29 L3 backend support: PDF output (pdfTeX)
\l__color_backend_stack_int=\count292
\l__pdf_internal_box=\box53
))
Package: xparse 2020-10-27 L3 Experimental document command parser

(C:\Users\Pedro\AppData\Local\Programs\MiKTeX\tex/latex/l3packages/xparse\xpars
e-generic.tex)))
(C:\Users\Pedro\AppData\Local\Programs\MiKTeX\tex/latex/pgf/frontendlayer\tikz.
sty
(C:\Users\Pedro\AppData\Local\Programs\MiKTeX\tex/latex/pgf/basiclayer\pgf.sty
(C:\Users\Pedro\AppData\Local\Programs\MiKTeX\tex/latex/pgf/utilities\pgfrcs.st
y
(C:\Users\Pedro\AppData\Local\Programs\MiKTeX\tex/generic/pgf/utilities\pgfutil
-common.tex
\pgfutil@everybye=\toks33
\pgfutil@tempdima=\dimen192
\pgfutil@tempdimb=\dimen193

(C:\Users\Pedro\AppData\Local\Programs\MiKTeX\tex/generic/pgf/utilities\pgfutil
-common-lists.tex))
(C:\Users\Pedro\AppData\Local\Programs\MiKTeX\tex/generic/pgf/utilities\pgfutil
-latex.def
\pgfutil@abb=\box54
)
(C:\Users\Pedro\AppData\Local\Programs\MiKTeX\tex/generic/pgf/utilities\pgfrcs.
code.tex
(C:\Users\Pedro\AppData\Local\Programs\MiKTeX\tex/generic/pgf\pgf.revision.tex)
Package: pgfrcs 2020/12/27 v3.1.8b (3.1.8b)
))
Package: pgf 2020/12/27 v3.1.8b (3.1.8b)

(C:\Users\Pedro\AppData\Local\Programs\MiKTeX\tex/latex/pgf/basiclayer\pgfcore.
sty
(C:\Users\Pedro\AppData\Local\Programs\MiKTeX\tex/latex/pgf/systemlayer\pgfsys.
sty
(C:\Users\Pedro\AppData\Local\Programs\MiKTeX\tex/generic/pgf/systemlayer\pgfsy
s.code.tex
Package: pgfsys 2020/12/27 v3.1.8b (3.1.8b)

(C:\Users\Pedro\AppData\Local\Programs\MiKTeX\tex/generic/pgf/utilities\pgfkeys
.code.tex
\pgfkeys@pathtoks=\toks34
\pgfkeys@temptoks=\toks35

(C:\Users\Pedro\AppData\Local\Programs\MiKTeX\tex/generic/pgf/utilities\pgfkeys
filtered.code.tex
\pgfkeys@tmptoks=\toks36
))
\pgf@x=\dimen194
\pgf@y=\dimen195
\pgf@xa=\dimen196
\pgf@ya=\dimen197
\pgf@xb=\dimen198
\pgf@yb=\dimen199
\pgf@xc=\dimen256
\pgf@yc=\dimen257
\pgf@xd=\dimen258
\pgf@yd=\dimen259
\w@pgf@writea=\write3
\r@pgf@reada=\read3
\c@pgf@counta=\count293
\c@pgf@countb=\count294
\c@pgf@countc=\count295
\c@pgf@countd=\count296
\t@pgf@toka=\toks37
\t@pgf@tokb=\toks38
\t@pgf@tokc=\toks39
\pgf@sys@id@count=\count297

(C:\Users\Pedro\AppData\Local\Programs\MiKTeX\tex/generic/pgf/systemlayer\pgf.c
fg
File: pgf.cfg 2020/12/27 v3.1.8b (3.1.8b)
)
Driver file for pgf: pgfsys-pdftex.def

(C:\Users\Pedro\AppData\Local\Programs\MiKTeX\tex/generic/pgf/systemlayer\pgfsy
s-pdftex.def
File: pgfsys-pdftex.def 2020/12/27 v3.1.8b (3.1.8b)

(C:\Users\Pedro\AppData\Local\Programs\MiKTeX\tex/generic/pgf/systemlayer\pgfsy
s-common-pdf.def
File: pgfsys-common-pdf.def 2020/12/27 v3.1.8b (3.1.8b)
)))
(C:\Users\Pedro\AppData\Local\Programs\MiKTeX\tex/generic/pgf/systemlayer\pgfsy
ssoftpath.code.tex
File: pgfsyssoftpath.code.tex 2020/12/27 v3.1.8b (3.1.8b)
\pgfsyssoftpath@smallbuffer@items=\count298
\pgfsyssoftpath@bigbuffer@items=\count299
)
(C:\Users\Pedro\AppData\Local\Programs\MiKTeX\tex/generic/pgf/systemlayer\pgfsy
sprotocol.code.tex
File: pgfsysprotocol.code.tex 2020/12/27 v3.1.8b (3.1.8b)
))
(C:\Users\Pedro\AppData\Local\Programs\MiKTeX\tex/latex/xcolor\xcolor.sty
Package: xcolor 2016/05/11 v2.12 LaTeX color extensions (UK)

(C:\Users\Pedro\AppData\Local\Programs\MiKTeX\tex/latex/graphics-cfg\color.cfg
File: color.cfg 2016/01/02 v1.6 sample color configuration
)
Package xcolor Info: Driver file: pdftex.def on input line 225.
Package xcolor Info: Model `cmy' substituted by `cmy0' on input line 1348.
Package xcolor Info: Model `hsb' substituted by `rgb' on input line 1352.
Package xcolor Info: Model `RGB' extended on input line 1364.
Package xcolor Info: Model `HTML' substituted by `rgb' on input line 1366.
Package xcolor Info: Model `Hsb' substituted by `hsb' on input line 1367.
Package xcolor Info: Model `tHsb' substituted by `hsb' on input line 1368.
Package xcolor Info: Model `HSB' substituted by `hsb' on input line 1369.
Package xcolor Info: Model `Gray' substituted by `gray' on input line 1370.
Package xcolor Info: Model `wave' substituted by `hsb' on input line 1371.
)
(C:\Users\Pedro\AppData\Local\Programs\MiKTeX\tex/generic/pgf/basiclayer\pgfcor
e.code.tex
Package: pgfcore 2020/12/27 v3.1.8b (3.1.8b)

(C:\Users\Pedro\AppData\Local\Programs\MiKTeX\tex/generic/pgf/math\pgfmath.code
.tex
(C:\Users\Pedro\AppData\Local\Programs\MiKTeX\tex/generic/pgf/math\pgfmathcalc.
code.tex
(C:\Users\Pedro\AppData\Local\Programs\MiKTeX\tex/generic/pgf/math\pgfmathutil.
code.tex)
(C:\Users\Pedro\AppData\Local\Programs\MiKTeX\tex/generic/pgf/math\pgfmathparse
r.code.tex
\pgfmath@dimen=\dimen260
\pgfmath@count=\count300
\pgfmath@box=\box55
\pgfmath@toks=\toks40
\pgfmath@stack@operand=\toks41
\pgfmath@stack@operation=\toks42
)
(C:\Users\Pedro\AppData\Local\Programs\MiKTeX\tex/generic/pgf/math\pgfmathfunct
ions.code.tex
(C:\Users\Pedro\AppData\Local\Programs\MiKTeX\tex/generic/pgf/math\pgfmathfunct
ions.basic.code.tex)
(C:\Users\Pedro\AppData\Local\Programs\MiKTeX\tex/generic/pgf/math\pgfmathfunct
ions.trigonometric.code.tex)
(C:\Users\Pedro\AppData\Local\Programs\MiKTeX\tex/generic/pgf/math\pgfmathfunct
ions.random.code.tex)
(C:\Users\Pedro\AppData\Local\Programs\MiKTeX\tex/generic/pgf/math\pgfmathfunct
ions.comparison.code.tex)
(C:\Users\Pedro\AppData\Local\Programs\MiKTeX\tex/generic/pgf/math\pgfmathfunct
ions.base.code.tex)
(C:\Users\Pedro\AppData\Local\Programs\MiKTeX\tex/generic/pgf/math\pgfmathfunct
ions.round.code.tex)
(C:\Users\Pedro\AppData\Local\Programs\MiKTeX\tex/generic/pgf/math\pgfmathfunct
ions.misc.code.tex)
(C:\Users\Pedro\AppData\Local\Programs\MiKTeX\tex/generic/pgf/math\pgfmathfunct
ions.integerarithmetics.code.tex)))
(C:\Users\Pedro\AppData\Local\Programs\MiKTeX\tex/generic/pgf/math\pgfmathfloat
.code.tex
\c@pgfmathroundto@lastzeros=\count301
))
(C:\Users\Pedro\AppData\Local\Programs\MiKTeX\tex/generic/pgf/math\pgfint.code.
tex)
(C:\Users\Pedro\AppData\Local\Programs\MiKTeX\tex/generic/pgf/basiclayer\pgfcor
epoints.code.tex
File: pgfcorepoints.code.tex 2020/12/27 v3.1.8b (3.1.8b)
\pgf@picminx=\dimen261
\pgf@picmaxx=\dimen262
\pgf@picminy=\dimen263
\pgf@picmaxy=\dimen264
\pgf@pathminx=\dimen265
\pgf@pathmaxx=\dimen266
\pgf@pathminy=\dimen267
\pgf@pathmaxy=\dimen268
\pgf@xx=\dimen269
\pgf@xy=\dimen270
\pgf@yx=\dimen271
\pgf@yy=\dimen272
\pgf@zx=\dimen273
\pgf@zy=\dimen274
)
(C:\Users\Pedro\AppData\Local\Programs\MiKTeX\tex/generic/pgf/basiclayer\pgfcor
epathconstruct.code.tex
File: pgfcorepathconstruct.code.tex 2020/12/27 v3.1.8b (3.1.8b)
\pgf@path@lastx=\dimen275
\pgf@path@lasty=\dimen276
)
(C:\Users\Pedro\AppData\Local\Programs\MiKTeX\tex/generic/pgf/basiclayer\pgfcor
epathusage.code.tex
File: pgfcorepathusage.code.tex 2020/12/27 v3.1.8b (3.1.8b)
\pgf@shorten@end@additional=\dimen277
\pgf@shorten@start@additional=\dimen278
)
(C:\Users\Pedro\AppData\Local\Programs\MiKTeX\tex/generic/pgf/basiclayer\pgfcor
escopes.code.tex
File: pgfcorescopes.code.tex 2020/12/27 v3.1.8b (3.1.8b)
\pgfpic=\box56
\pgf@hbox=\box57
\pgf@layerbox@main=\box58
\pgf@picture@serial@count=\count302
)
(C:\Users\Pedro\AppData\Local\Programs\MiKTeX\tex/generic/pgf/basiclayer\pgfcor
egraphicstate.code.tex
File: pgfcoregraphicstate.code.tex 2020/12/27 v3.1.8b (3.1.8b)
\pgflinewidth=\dimen279
)
(C:\Users\Pedro\AppData\Local\Programs\MiKTeX\tex/generic/pgf/basiclayer\pgfcor
etransformations.code.tex
File: pgfcoretransformations.code.tex 2020/12/27 v3.1.8b (3.1.8b)
\pgf@pt@x=\dimen280
\pgf@pt@y=\dimen281
\pgf@pt@temp=\dimen282
)
(C:\Users\Pedro\AppData\Local\Programs\MiKTeX\tex/generic/pgf/basiclayer\pgfcor
equick.code.tex
File: pgfcorequick.code.tex 2020/12/27 v3.1.8b (3.1.8b)
)
(C:\Users\Pedro\AppData\Local\Programs\MiKTeX\tex/generic/pgf/basiclayer\pgfcor
eobjects.code.tex
File: pgfcoreobjects.code.tex 2020/12/27 v3.1.8b (3.1.8b)
)
(C:\Users\Pedro\AppData\Local\Programs\MiKTeX\tex/generic/pgf/basiclayer\pgfcor
epathprocessing.code.tex
File: pgfcorepathprocessing.code.tex 2020/12/27 v3.1.8b (3.1.8b)
)
(C:\Users\Pedro\AppData\Local\Programs\MiKTeX\tex/generic/pgf/basiclayer\pgfcor
earrows.code.tex
File: pgfcorearrows.code.tex 2020/12/27 v3.1.8b (3.1.8b)
\pgfarrowsep=\dimen283
)
(C:\Users\Pedro\AppData\Local\Programs\MiKTeX\tex/generic/pgf/basiclayer\pgfcor
eshade.code.tex
File: pgfcoreshade.code.tex 2020/12/27 v3.1.8b (3.1.8b)
\pgf@max=\dimen284
\pgf@sys@shading@range@num=\count303
\pgf@shadingcount=\count304
)
(C:\Users\Pedro\AppData\Local\Programs\MiKTeX\tex/generic/pgf/basiclayer\pgfcor
eimage.code.tex
File: pgfcoreimage.code.tex 2020/12/27 v3.1.8b (3.1.8b)

(C:\Users\Pedro\AppData\Local\Programs\MiKTeX\tex/generic/pgf/basiclayer\pgfcor
eexternal.code.tex
File: pgfcoreexternal.code.tex 2020/12/27 v3.1.8b (3.1.8b)
\pgfexternal@startupbox=\box59
))
(C:\Users\Pedro\AppData\Local\Programs\MiKTeX\tex/generic/pgf/basiclayer\pgfcor
elayers.code.tex
File: pgfcorelayers.code.tex 2020/12/27 v3.1.8b (3.1.8b)
)
(C:\Users\Pedro\AppData\Local\Programs\MiKTeX\tex/generic/pgf/basiclayer\pgfcor
etransparency.code.tex
File: pgfcoretransparency.code.tex 2020/12/27 v3.1.8b (3.1.8b)
)
(C:\Users\Pedro\AppData\Local\Programs\MiKTeX\tex/generic/pgf/basiclayer\pgfcor
epatterns.code.tex
File: pgfcorepatterns.code.tex 2020/12/27 v3.1.8b (3.1.8b)
)
(C:\Users\Pedro\AppData\Local\Programs\MiKTeX\tex/generic/pgf/basiclayer\pgfcor
erdf.code.tex
File: pgfcorerdf.code.tex 2020/12/27 v3.1.8b (3.1.8b)
)))
(C:\Users\Pedro\AppData\Local\Programs\MiKTeX\tex/generic/pgf/modules\pgfmodule
shapes.code.tex
File: pgfmoduleshapes.code.tex 2020/12/27 v3.1.8b (3.1.8b)
\pgfnodeparttextbox=\box60
)
(C:\Users\Pedro\AppData\Local\Programs\MiKTeX\tex/generic/pgf/modules\pgfmodule
plot.code.tex
File: pgfmoduleplot.code.tex 2020/12/27 v3.1.8b (3.1.8b)
)
(C:\Users\Pedro\AppData\Local\Programs\MiKTeX\tex/latex/pgf/compatibility\pgfco
mp-version-0-65.sty
Package: pgfcomp-version-0-65 2020/12/27 v3.1.8b (3.1.8b)
\pgf@nodesepstart=\dimen285
\pgf@nodesepend=\dimen286
)
(C:\Users\Pedro\AppData\Local\Programs\MiKTeX\tex/latex/pgf/compatibility\pgfco
mp-version-1-18.sty
Package: pgfcomp-version-1-18 2020/12/27 v3.1.8b (3.1.8b)
))
(C:\Users\Pedro\AppData\Local\Programs\MiKTeX\tex/latex/pgf/utilities\pgffor.st
y
(C:\Users\Pedro\AppData\Local\Programs\MiKTeX\tex/latex/pgf/utilities\pgfkeys.s
ty
(C:\Users\Pedro\AppData\Local\Programs\MiKTeX\tex/generic/pgf/utilities\pgfkeys
.code.tex))
(C:\Users\Pedro\AppData\Local\Programs\MiKTeX\tex/latex/pgf/math\pgfmath.sty
(C:\Users\Pedro\AppData\Local\Programs\MiKTeX\tex/generic/pgf/math\pgfmath.code
.tex))
(C:\Users\Pedro\AppData\Local\Programs\MiKTeX\tex/generic/pgf/utilities\pgffor.
code.tex
Package: pgffor 2020/12/27 v3.1.8b (3.1.8b)

(C:\Users\Pedro\AppData\Local\Programs\MiKTeX\tex/generic/pgf/math\pgfmath.code
.tex)
\pgffor@iter=\dimen287
\pgffor@skip=\dimen288
\pgffor@stack=\toks43
\pgffor@toks=\toks44
))
(C:\Users\Pedro\AppData\Local\Programs\MiKTeX\tex/generic/pgf/frontendlayer/tik
z\tikz.code.tex
Package: tikz 2020/12/27 v3.1.8b (3.1.8b)

(C:\Users\Pedro\AppData\Local\Programs\MiKTeX\tex/generic/pgf/libraries\pgflibr
aryplothandlers.code.tex
File: pgflibraryplothandlers.code.tex 2020/12/27 v3.1.8b (3.1.8b)
\pgf@plot@mark@count=\count305
\pgfplotmarksize=\dimen289
)
\tikz@lastx=\dimen290
\tikz@lasty=\dimen291
\tikz@lastxsaved=\dimen292
\tikz@lastysaved=\dimen293
\tikz@lastmovetox=\dimen294
\tikz@lastmovetoy=\dimen295
\tikzleveldistance=\dimen296
\tikzsiblingdistance=\dimen297
\tikz@figbox=\box61
\tikz@figbox@bg=\box62
\tikz@tempbox=\box63
\tikz@tempbox@bg=\box64
\tikztreelevel=\count306
\tikznumberofchildren=\count307
\tikznumberofcurrentchild=\count308
\tikz@fig@count=\count309

(C:\Users\Pedro\AppData\Local\Programs\MiKTeX\tex/generic/pgf/modules\pgfmodule
matrix.code.tex
File: pgfmodulematrix.code.tex 2020/12/27 v3.1.8b (3.1.8b)
\pgfmatrixcurrentrow=\count310
\pgfmatrixcurrentcolumn=\count311
\pgf@matrix@numberofcolumns=\count312
)
\tikz@expandcount=\count313

(C:\Users\Pedro\AppData\Local\Programs\MiKTeX\tex/generic/pgf/frontendlayer/tik
z/libraries\tikzlibrarytopaths.code.tex
File: tikzlibrarytopaths.code.tex 2020/12/27 v3.1.8b (3.1.8b)
)))
(C:\Users\Pedro\AppData\Local\Programs\MiKTeX\tex/latex/tikz-3dplot\tikz-3dplot
.sty (C:\Users\Pedro\AppData\Local\Programs\MiKTeX\tex/latex/base\ifthen.sty
Package: ifthen 2014/09/29 v1.1c Standard LaTeX ifthen package (DPC)
)
(C:\Users\Pedro\AppData\Local\Programs\MiKTeX\tex/generic/pgf/frontendlayer/tik
z/libraries\tikzlibrarycalc.code.tex
File: tikzlibrarycalc.code.tex 2020/12/27 v3.1.8b (3.1.8b)
)
(C:\Users\Pedro\AppData\Local\Programs\MiKTeX\tex/generic/pgf/frontendlayer/tik
z/libraries\tikzlibrary3d.code.tex
File: tikzlibrary3d.code.tex 2020/12/27 v3.1.8b (3.1.8b)
)
(C:\Users\Pedro\AppData\Local\Programs\MiKTeX\tex/generic/pgf/frontendlayer/tik
z/libraries\tikzlibraryarrows.code.tex
File: tikzlibraryarrows.code.tex 2020/12/27 v3.1.8b (3.1.8b)

(C:\Users\Pedro\AppData\Local\Programs\MiKTeX\tex/generic/pgf/libraries\pgflibr
aryarrows.code.tex
File: pgflibraryarrows.code.tex 2020/12/27 v3.1.8b (3.1.8b)
\arrowsize=\dimen298
)))
(C:\Users\Pedro\AppData\Local\Programs\MiKTeX\tex/generic/pgf/frontendlayer/tik
z/libraries\tikzlibrarypatterns.code.tex
File: tikzlibrarypatterns.code.tex 2020/12/27 v3.1.8b (3.1.8b)

(C:\Users\Pedro\AppData\Local\Programs\MiKTeX\tex/generic/pgf/libraries\pgflibr
arypatterns.code.tex
File: pgflibrarypatterns.code.tex 2020/12/27 v3.1.8b (3.1.8b)
))
(C:\Users\Pedro\AppData\Local\Programs\MiKTeX\tex/generic/pgf/frontendlayer/tik
z/libraries\tikzlibrarysnakes.code.tex
File: tikzlibrarysnakes.code.tex 2020/12/27 v3.1.8b (3.1.8b)


Package pgf Warning: Snakes have been superseded by decorations. Please use the
 decoration libraries instead of the snakes library on input line 14.


(C:\Users\Pedro\AppData\Local\Programs\MiKTeX\tex/generic/pgf/frontendlayer/tik
z/libraries\tikzlibrarydecorations.pathmorphing.code.tex
(C:\Users\Pedro\AppData\Local\Programs\MiKTeX\tex/generic/pgf/frontendlayer/tik
z/libraries\tikzlibrarydecorations.code.tex
(C:\Users\Pedro\AppData\Local\Programs\MiKTeX\tex/generic/pgf/modules\pgfmodule
decorations.code.tex
\pgfdecoratedcompleteddistance=\dimen299
\pgfdecoratedremainingdistance=\dimen300
\pgfdecoratedinputsegmentcompleteddistance=\dimen301
\pgfdecoratedinputsegmentremainingdistance=\dimen302
\pgf@decorate@distancetomove=\dimen303
\pgf@decorate@repeatstate=\count314
\pgfdecorationsegmentamplitude=\dimen304
\pgfdecorationsegmentlength=\dimen305
)
\tikz@lib@dec@box=\box65
)
(C:\Users\Pedro\AppData\Local\Programs\MiKTeX\tex/generic/pgf/libraries/decorat
ions\pgflibrarydecorations.pathmorphing.code.tex))
(C:\Users\Pedro\AppData\Local\Programs\MiKTeX\tex/generic/pgf/frontendlayer/tik
z/libraries\tikzlibrarydecorations.pathreplacing.code.tex
(C:\Users\Pedro\AppData\Local\Programs\MiKTeX\tex/generic/pgf/libraries/decorat
ions\pgflibrarydecorations.pathreplacing.code.tex))
(C:\Users\Pedro\AppData\Local\Programs\MiKTeX\tex/generic/pgf/frontendlayer/tik
z/libraries\tikzlibrarydecorations.shapes.code.tex
(C:\Users\Pedro\AppData\Local\Programs\MiKTeX\tex/generic/pgf/libraries/decorat
ions\pgflibrarydecorations.shapes.code.tex)))
(C:\Users\Pedro\AppData\Local\Programs\MiKTeX\tex/latex/lm\lmodern.sty
Package: lmodern 2009/10/30 v1.6 Latin Modern Fonts
LaTeX Font Info:    Overwriting symbol font `operators' in version `normal'
(Font)                  OT1/cmr/m/n --> OT1/lmr/m/n on input line 22.
LaTeX Font Info:    Overwriting symbol font `letters' in version `normal'
(Font)                  OML/cmm/m/it --> OML/lmm/m/it on input line 23.
LaTeX Font Info:    Overwriting symbol font `symbols' in version `normal'
(Font)                  OMS/cmsy/m/n --> OMS/lmsy/m/n on input line 24.
LaTeX Font Info:    Overwriting symbol font `largesymbols' in version `normal'
(Font)                  OMX/cmex/m/n --> OMX/lmex/m/n on input line 25.
LaTeX Font Info:    Overwriting symbol font `operators' in version `bold'
(Font)                  OT1/cmr/bx/n --> OT1/lmr/bx/n on input line 26.
LaTeX Font Info:    Overwriting symbol font `letters' in version `bold'
(Font)                  OML/cmm/b/it --> OML/lmm/b/it on input line 27.
LaTeX Font Info:    Overwriting symbol font `symbols' in version `bold'
(Font)                  OMS/cmsy/b/n --> OMS/lmsy/b/n on input line 28.
LaTeX Font Info:    Overwriting symbol font `largesymbols' in version `bold'
(Font)                  OMX/cmex/m/n --> OMX/lmex/m/n on input line 29.
LaTeX Font Info:    Overwriting math alphabet `\mathbf' in version `normal'
(Font)                  OT1/cmr/bx/n --> OT1/lmr/bx/n on input line 31.
LaTeX Font Info:    Overwriting math alphabet `\mathsf' in version `normal'
(Font)                  OT1/cmss/m/n --> OT1/lmss/m/n on input line 32.
LaTeX Font Info:    Overwriting math alphabet `\mathit' in version `normal'
(Font)                  OT1/cmr/m/it --> OT1/lmr/m/it on input line 33.
LaTeX Font Info:    Overwriting math alphabet `\mathtt' in version `normal'
(Font)                  OT1/cmtt/m/n --> OT1/lmtt/m/n on input line 34.
LaTeX Font Info:    Overwriting math alphabet `\mathbf' in version `bold'
(Font)                  OT1/cmr/bx/n --> OT1/lmr/bx/n on input line 35.
LaTeX Font Info:    Overwriting math alphabet `\mathsf' in version `bold'
(Font)                  OT1/cmss/bx/n --> OT1/lmss/bx/n on input line 36.
LaTeX Font Info:    Overwriting math alphabet `\mathit' in version `bold'
(Font)                  OT1/cmr/bx/it --> OT1/lmr/bx/it on input line 37.
LaTeX Font Info:    Overwriting math alphabet `\mathtt' in version `bold'
(Font)                  OT1/cmtt/m/n --> OT1/lmtt/m/n on input line 38.
)
(C:\Users\Pedro\AppData\Local\Programs\MiKTeX\tex/latex/booktabs\booktabs.sty
Package: booktabs 2020/01/12 v1.61803398 Publication quality tables
\heavyrulewidth=\dimen306
\lightrulewidth=\dimen307
\cmidrulewidth=\dimen308
\belowrulesep=\dimen309
\belowbottomsep=\dimen310
\aboverulesep=\dimen311
\abovetopsep=\dimen312
\cmidrulesep=\dimen313
\cmidrulekern=\dimen314
\defaultaddspace=\dimen315
\@cmidla=\count315
\@cmidlb=\count316
\@aboverulesep=\dimen316
\@belowrulesep=\dimen317
\@thisruleclass=\count317
\@lastruleclass=\count318
\@thisrulewidth=\dimen318
)
(C:\Users\Pedro\AppData\Local\Programs\MiKTeX\tex/latex/chngcntr\chngcntr.sty
Package: chngcntr 2018/04/09 v1.1a change counter resetting
Package chngcntr Info: \counterwithout already defined.
(chngcntr)             Quitting chngcntr on input line 21.
)
(C:\Users\Pedro\AppData\Local\Programs\MiKTeX\tex/latex/algorithms\algorithm.st
y
Package: algorithm 2009/08/24 v0.1 Document Style `algorithm' - floating enviro
nment
 (C:\Users\Pedro\AppData\Local\Programs\MiKTeX\tex/latex/float\float.sty
Package: float 2001/11/08 v1.3d Float enhancements (AL)
\c@float@type=\count319
\float@exts=\toks45
\float@box=\box66
\@float@everytoks=\toks46
\@floatcapt=\box67
)
\@float@every@algorithm=\toks47
\c@algorithm=\count320
)
(C:\Users\Pedro\AppData\Local\Programs\MiKTeX\tex/latex/algorithmicx\algorithmi
cx.sty
Package: algorithmicx 2005/04/27 v1.2 Algorithmicx

Document Style algorithmicx 1.2 - a greatly improved `algorithmic' style
\c@ALG@line=\count321
\c@ALG@rem=\count322
\c@ALG@nested=\count323
\ALG@tlm=\skip72
\ALG@thistlm=\skip73
\c@ALG@Lnr=\count324
\c@ALG@blocknr=\count325
\c@ALG@storecount=\count326
\c@ALG@tmpcounter=\count327
\ALG@tmplength=\skip74
)
(C:\Users\Pedro\AppData\Local\Programs\MiKTeX\tex/latex/algorithmicx\algpseudoc
ode.sty
Package: algpseudocode 

Document Style - pseudocode environments for use with the `algorithmicx' style
) (C:\Users\Pedro\AppData\Local\Programs\MiKTeX\tex/latex/biblatex\biblatex.sty
Package: biblatex 2020/12/31 v3.16 programmable bibliographies (PK/MW)

(C:\Users\Pedro\AppData\Local\Programs\MiKTeX\tex/generic/pdftexcmds\pdftexcmds
.sty
Package: pdftexcmds 2020-06-27 v0.33 Utility functions of pdfTeX for LuaTeX (HO
)

(C:\Users\Pedro\AppData\Local\Programs\MiKTeX\tex/generic/infwarerr\infwarerr.s
ty
Package: infwarerr 2019/12/03 v1.5 Providing info/warning/error messages (HO)
)
(C:\Users\Pedro\AppData\Local\Programs\MiKTeX\tex/generic/ltxcmds\ltxcmds.sty
Package: ltxcmds 2020-05-10 v1.25 LaTeX kernel commands for general use (HO)
)
Package pdftexcmds Info: \pdf@primitive is available.
Package pdftexcmds Info: \pdf@ifprimitive is available.
Package pdftexcmds Info: \pdfdraftmode found.
)
(C:\Users\Pedro\AppData\Local\Programs\MiKTeX\tex/latex/kvoptions\kvoptions.sty
Package: kvoptions 2020-10-07 v3.14 Key value format for package options (HO)

(C:\Users\Pedro\AppData\Local\Programs\MiKTeX\tex/generic/kvsetkeys\kvsetkeys.s
ty
Package: kvsetkeys 2019/12/15 v1.18 Key value parser (HO)
)) (C:\Users\Pedro\AppData\Local\Programs\MiKTeX\tex/latex/logreq\logreq.sty
Package: logreq 2010/08/04 v1.0 xml request logger
\lrq@indent=\count328

(C:\Users\Pedro\AppData\Local\Programs\MiKTeX\tex/latex/logreq\logreq.def
File: logreq.def 2010/08/04 v1.0 logreq spec v1.0
))
(C:\Users\Pedro\AppData\Local\Programs\MiKTeX\tex/latex/url\url.sty
\Urlmuskip=\muskip17
Package: url 2013/09/16  ver 3.4  Verb mode for urls, etc.
)
\c@tabx@nest=\count329
\c@listtotal=\count330
\c@listcount=\count331
\c@liststart=\count332
\c@liststop=\count333
\c@citecount=\count334
\c@citetotal=\count335
\c@multicitecount=\count336
\c@multicitetotal=\count337
\c@instcount=\count338
\c@maxnames=\count339
\c@minnames=\count340
\c@maxitems=\count341
\c@minitems=\count342
\c@citecounter=\count343
\c@maxcitecounter=\count344
\c@savedcitecounter=\count345
\c@uniquelist=\count346
\c@uniquename=\count347
\c@refsection=\count348
\c@refsegment=\count349
\c@maxextratitle=\count350
\c@maxextratitleyear=\count351
\c@maxextraname=\count352
\c@maxextradate=\count353
\c@maxextraalpha=\count354
\c@abbrvpenalty=\count355
\c@highnamepenalty=\count356
\c@lownamepenalty=\count357
\c@maxparens=\count358
\c@parenlevel=\count359
\blx@tempcnta=\count360
\blx@tempcntb=\count361
\blx@tempcntc=\count362
\blx@maxsection=\count363
\blx@maxsegment@0=\count364
\blx@notetype=\count365
\blx@parenlevel@text=\count366
\blx@parenlevel@foot=\count367
\blx@sectionciteorder@0=\count368
\blx@entrysetcounter=\count369
\blx@biblioinstance=\count370
\labelnumberwidth=\skip75
\labelalphawidth=\skip76
\biblabelsep=\skip77
\bibitemsep=\skip78
\bibnamesep=\skip79
\bibinitsep=\skip80
\bibparsep=\skip81
\bibhang=\skip82
\blx@bcfin=\read4
\blx@bcfout=\write4
\blx@langwohyphens=\language80
\c@mincomprange=\count371
\c@maxcomprange=\count372
\c@mincompwidth=\count373
Package biblatex Info: Trying to load biblatex default data model...
Package biblatex Info: ... file 'blx-dm.def' found.

(C:\Users\Pedro\AppData\Local\Programs\MiKTeX\tex/latex/biblatex\blx-dm.def
File: blx-dm.def 2020/12/31 v3.16 biblatex localization (PK/MW)
)
Package biblatex Info: Trying to load biblatex style data model...
Package biblatex Info: ... file 'numeric.dbx' not found.
Package biblatex Info: Trying to load biblatex custom data model...
Package biblatex Info: ... file 'biblatex-dm.cfg' not found.
\c@afterword=\count374
\c@savedafterword=\count375
\c@annotator=\count376
\c@savedannotator=\count377
\c@author=\count378
\c@savedauthor=\count379
\c@bookauthor=\count380
\c@savedbookauthor=\count381
\c@commentator=\count382
\c@savedcommentator=\count383
\c@editor=\count384
\c@savededitor=\count385
\c@editora=\count386
\c@savededitora=\count387
\c@editorb=\count388
\c@savededitorb=\count389
\c@editorc=\count390
\c@savededitorc=\count391
\c@foreword=\count392
\c@savedforeword=\count393
\c@holder=\count394
\c@savedholder=\count395
\c@introduction=\count396
\c@savedintroduction=\count397
\c@namea=\count398
\c@savednamea=\count399
\c@nameb=\count400
\c@savednameb=\count401
\c@namec=\count402
\c@savednamec=\count403
\c@translator=\count404
\c@savedtranslator=\count405
\c@shortauthor=\count406
\c@savedshortauthor=\count407
\c@shorteditor=\count408
\c@savedshorteditor=\count409
\c@labelname=\count410
\c@savedlabelname=\count411
\c@institution=\count412
\c@savedinstitution=\count413
\c@lista=\count414
\c@savedlista=\count415
\c@listb=\count416
\c@savedlistb=\count417
\c@listc=\count418
\c@savedlistc=\count419
\c@listd=\count420
\c@savedlistd=\count421
\c@liste=\count422
\c@savedliste=\count423
\c@listf=\count424
\c@savedlistf=\count425
\c@location=\count426
\c@savedlocation=\count427
\c@organization=\count428
\c@savedorganization=\count429
\c@origlocation=\count430
\c@savedoriglocation=\count431
\c@origpublisher=\count432
\c@savedorigpublisher=\count433
\c@publisher=\count434
\c@savedpublisher=\count435
\c@language=\count436
\c@savedlanguage=\count437
\c@origlanguage=\count438
\c@savedoriglanguage=\count439
\c@pageref=\count440
\c@savedpageref=\count441
\shorthandwidth=\skip83
\shortjournalwidth=\skip84
\shortserieswidth=\skip85
\shorttitlewidth=\skip86
\shortauthorwidth=\skip87
\shorteditorwidth=\skip88
\locallabelnumberwidth=\skip89
\locallabelalphawidth=\skip90
\localshorthandwidth=\skip91
\localshortjournalwidth=\skip92
\localshortserieswidth=\skip93
\localshorttitlewidth=\skip94
\localshortauthorwidth=\skip95
\localshorteditorwidth=\skip96
Package biblatex Info: Trying to load compatibility code...
Package biblatex Info: ... file 'blx-compat.def' found.

(C:\Users\Pedro\AppData\Local\Programs\MiKTeX\tex/latex/biblatex\blx-compat.def
File: blx-compat.def 2020/12/31 v3.16 biblatex compatibility (PK/MW)
)
Package biblatex Info: Trying to load generic definitions...
Package biblatex Info: ... file 'biblatex.def' found.
 (C:\Users\Pedro\AppData\Local\Programs\MiKTeX\tex/latex/biblatex\biblatex.def
File: biblatex.def 2020/12/31 v3.16 biblatex compatibility (PK/MW)
\c@textcitecount=\count442
\c@textcitetotal=\count443
\c@textcitemaxnames=\count444
\c@biburlbigbreakpenalty=\count445
\c@biburlbreakpenalty=\count446
\c@biburlnumpenalty=\count447
\c@biburlucpenalty=\count448
\c@biburllcpenalty=\count449
\biburlbigskip=\muskip18
\biburlnumskip=\muskip19
\biburlucskip=\muskip20
\biburllcskip=\muskip21
\c@smartand=\count450
)
Package biblatex Info: Trying to load bibliography style 'numeric'...
Package biblatex Info: ... file 'numeric.bbx' found.

(C:\Users\Pedro\AppData\Local\Programs\MiKTeX\tex/latex/biblatex/bbx\numeric.bb
x
File: numeric.bbx 2020/12/31 v3.16 biblatex bibliography style (PK/MW)
Package biblatex Info: Trying to load bibliography style 'standard'...
Package biblatex Info: ... file 'standard.bbx' found.

(C:\Users\Pedro\AppData\Local\Programs\MiKTeX\tex/latex/biblatex/bbx\standard.b
bx
File: standard.bbx 2020/12/31 v3.16 biblatex bibliography style (PK/MW)
\c@bbx:relatedcount=\count451
\c@bbx:relatedtotal=\count452
))
Package biblatex Info: Trying to load citation style 'numeric'...
Package biblatex Info: ... file 'numeric.cbx' found.

(C:\Users\Pedro\AppData\Local\Programs\MiKTeX\tex/latex/biblatex/cbx\numeric.cb
x
File: numeric.cbx 2020/12/31 v3.16 biblatex citation style (PK/MW)
Package biblatex Info: Redefining '\cite'.
Package biblatex Info: Redefining '\parencite'.
Package biblatex Info: Redefining '\footcite'.
Package biblatex Info: Redefining '\footcitetext'.
Package biblatex Info: Redefining '\smartcite'.
Package biblatex Info: Redefining '\supercite'.
Package biblatex Info: Redefining '\textcite'.
Package biblatex Info: Redefining '\textcites'.
Package biblatex Info: Redefining '\cites'.
Package biblatex Info: Redefining '\parencites'.
Package biblatex Info: Redefining '\smartcites'.
)
Package biblatex Info: Trying to load configuration file...
Package biblatex Info: ... file 'biblatex.cfg' found.

(C:\Users\Pedro\AppData\Local\Programs\MiKTeX\tex/latex/biblatex\biblatex.cfg
File: biblatex.cfg 
)) (C:\Users\Pedro\AppData\Local\Programs\MiKTeX\tex/latex/hyperref\hyperref.st
y
Package: hyperref 2020-05-15 v7.00e Hypertext links for LaTeX

(C:\Users\Pedro\AppData\Local\Programs\MiKTeX\tex/generic/kvdefinekeys\kvdefine
keys.sty
Package: kvdefinekeys 2019-12-19 v1.6 Define keys (HO)
)
(C:\Users\Pedro\AppData\Local\Programs\MiKTeX\tex/generic/pdfescape\pdfescape.s
ty
Package: pdfescape 2019/12/09 v1.15 Implements pdfTeX's escape features (HO)
) (C:\Users\Pedro\AppData\Local\Programs\MiKTeX\tex/latex/hycolor\hycolor.sty
Package: hycolor 2020-01-27 v1.10 Color options for hyperref/bookmark (HO)
)
(C:\Users\Pedro\AppData\Local\Programs\MiKTeX\tex/latex/letltxmacro\letltxmacro
.sty
Package: letltxmacro 2019/12/03 v1.6 Let assignment for LaTeX macros (HO)
)
(C:\Users\Pedro\AppData\Local\Programs\MiKTeX\tex/latex/auxhook\auxhook.sty
Package: auxhook 2019-12-17 v1.6 Hooks for auxiliary files (HO)
)
\@linkdim=\dimen319
\Hy@linkcounter=\count453
\Hy@pagecounter=\count454

(C:\Users\Pedro\AppData\Local\Programs\MiKTeX\tex/latex/hyperref\pd1enc.def
File: pd1enc.def 2020-05-15 v7.00e Hyperref: PDFDocEncoding definition (HO)
Now handling font encoding PD1 ...
... no UTF-8 mapping file for font encoding PD1
)
(C:\Users\Pedro\AppData\Local\Programs\MiKTeX\tex/generic/intcalc\intcalc.sty
Package: intcalc 2019/12/15 v1.3 Expandable calculations with integers (HO)
)
(C:\Users\Pedro\AppData\Local\Programs\MiKTeX\tex/generic/etexcmds\etexcmds.sty
Package: etexcmds 2019/12/15 v1.7 Avoid name clashes with e-TeX commands (HO)
)
\Hy@SavedSpaceFactor=\count455
Package hyperref Info: Hyper figures OFF on input line 4464.
Package hyperref Info: Link nesting OFF on input line 4469.
Package hyperref Info: Hyper index ON on input line 4472.
Package hyperref Info: Plain pages OFF on input line 4479.
Package hyperref Info: Backreferencing OFF on input line 4484.
Package hyperref Info: Implicit mode ON; LaTeX internals redefined.
Package hyperref Info: Bookmarks ON on input line 4717.
\c@Hy@tempcnt=\count456
LaTeX Info: Redefining \url on input line 5076.
\XeTeXLinkMargin=\dimen320
 (C:\Users\Pedro\AppData\Local\Programs\MiKTeX\tex/generic/bitset\bitset.sty
Package: bitset 2019/12/09 v1.3 Handle bit-vector datatype (HO)

(C:\Users\Pedro\AppData\Local\Programs\MiKTeX\tex/generic/bigintcalc\bigintcalc
.sty
Package: bigintcalc 2019/12/15 v1.5 Expandable calculations on big integers (HO
)
))
\Fld@menulength=\count457
\Field@Width=\dimen321
\Fld@charsize=\dimen322
Package hyperref Info: Hyper figures OFF on input line 6347.
Package hyperref Info: Link nesting OFF on input line 6352.
Package hyperref Info: Hyper index ON on input line 6355.
Package hyperref Info: backreferencing OFF on input line 6362.
Package hyperref Info: Link coloring OFF on input line 6367.
Package hyperref Info: Link coloring with OCG OFF on input line 6372.
Package hyperref Info: PDF/A mode OFF on input line 6377.
LaTeX Info: Redefining \ref on input line 6417.
LaTeX Info: Redefining \pageref on input line 6421.

(C:\Users\Pedro\AppData\Local\Programs\MiKTeX\tex/latex/base\atbegshi-ltx.sty
Package: atbegshi-ltx 2020/08/17 v1.0a Emulation of the original atbegshi packa
ge
with kernel methods
)
\Hy@abspage=\count458
\c@Item=\count459
\c@Hfootnote=\count460
)
Package hyperref Info: Driver (autodetected): hpdftex.
(C:\Users\Pedro\AppData\Local\Programs\MiKTeX\tex/latex/hyperref\hpdftex.def
File: hpdftex.def 2020-05-15 v7.00e Hyperref driver for pdfTeX

(C:\Users\Pedro\AppData\Local\Programs\MiKTeX\tex/latex/base\atveryend-ltx.sty
Package: atveryend-ltx 2020/08/19 v1.0a Emulation of the original atvery packag
e
with kernel methods
)
\Fld@listcount=\count461
\c@bookmark@seq@number=\count462

(C:\Users\Pedro\AppData\Local\Programs\MiKTeX\tex/latex/rerunfilecheck\rerunfil
echeck.sty
Package: rerunfilecheck 2019/12/05 v1.9 Rerun checks for auxiliary files (HO)

(C:\Users\Pedro\AppData\Local\Programs\MiKTeX\tex/generic/uniquecounter\uniquec
ounter.sty
Package: uniquecounter 2019/12/15 v1.4 Provide unlimited unique counter (HO)
)
Package uniquecounter Info: New unique counter `rerunfilecheck' on input line 2
86.
)
\Hy@SectionHShift=\skip97
)
Package hyperref Info: Option `colorlinks' set `true' on input line 41.
\c@enumeratedefi=\count463
\c@enumeratedefii=\count464
\c@enumeratedefiii=\count465
\enitdp@enumeratedef=\count466
\c@enumeratepropi=\count467
\c@enumeratepropii=\count468
\c@enumeratepropiii=\count469
\enitdp@enumerateprop=\count470
\c@enumeratexi=\count471
\c@enumeratexii=\count472
\c@enumeratexiii=\count473
\enitdp@enumeratex=\count474
\c@enumeratexercisei=\count475
\c@enumeratexerciseii=\count476
\c@enumeratexerciseiii=\count477
\enitdp@enumeratexercise=\count478
\lside=\skip98
\alength=\skip99
) (environments_cat.tex
\c@theorem=\count479
) (units.tex)
LaTeX Font Info:    Trying to load font information for T1+lmr on input line 7.


(C:\Users\Pedro\AppData\Local\Programs\MiKTeX\tex/latex/lm\t1lmr.fd
File: t1lmr.fd 2009/10/30 v1.6 Font defs for Latin Modern
)
("C:\PLS\Universidad\07 - Cuatrimestre 4A\Din치mica de Gases y Transferencia de
 Calor y Masa\gas_dynamics_heat_mass_transfer\projecte_02\Informe\auxdir\projec
t_02.aux")
\openout1 = `project_02.aux'.

LaTeX Font Info:    Checking defaults for OML/cmm/m/it on input line 7.
LaTeX Font Info:    ... okay on input line 7.
LaTeX Font Info:    Checking defaults for OMS/cmsy/m/n on input line 7.
LaTeX Font Info:    ... okay on input line 7.
LaTeX Font Info:    Checking defaults for OT1/cmr/m/n on input line 7.
LaTeX Font Info:    ... okay on input line 7.
LaTeX Font Info:    Checking defaults for T1/cmr/m/n on input line 7.
LaTeX Font Info:    ... okay on input line 7.
LaTeX Font Info:    Checking defaults for TS1/cmr/m/n on input line 7.
LaTeX Font Info:    ... okay on input line 7.
LaTeX Font Info:    Checking defaults for OMX/cmex/m/n on input line 7.
LaTeX Font Info:    ... okay on input line 7.
LaTeX Font Info:    Checking defaults for U/cmr/m/n on input line 7.
LaTeX Font Info:    ... okay on input line 7.
LaTeX Font Info:    Checking defaults for PD1/pdf/m/n on input line 7.
LaTeX Font Info:    ... okay on input line 7.
LaTeX Info: Redefining \l on input line 7.
LaTeX Info: Redefining \L on input line 7.

(C:\Users\Pedro\AppData\Local\Programs\MiKTeX\tex/context/base/mkii\supp-pdf.mk
ii
[Loading MPS to PDF converter (version 2006.09.02).]
\scratchcounter=\count480
\scratchdimen=\dimen323
\scratchbox=\box68
\nofMPsegments=\count481
\nofMParguments=\count482
\everyMPshowfont=\toks48
\MPscratchCnt=\count483
\MPscratchDim=\dimen324
\MPnumerator=\count484
\makeMPintoPDFobject=\count485
\everyMPtoPDFconversion=\toks49
)
(C:\Users\Pedro\AppData\Local\Programs\MiKTeX\tex/latex/epstopdf-pkg\epstopdf-b
ase.sty
Package: epstopdf-base 2020-01-24 v2.11 Base part for package epstopdf
Package epstopdf-base Info: Redefining graphics rule for `.eps' on input line 4
85.
)
*geometry* driver: auto-detecting
*geometry* detected driver: pdftex
*geometry* verbose mode - [ preamble ] result:
* driver: pdftex
* paper: a4paper
* layout: <same size as paper>
* layoutoffset:(h,v)=(0.0pt,0.0pt)
* modes: 
* h-part:(L,W,R)=(56.9055pt, 483.69687pt, 56.9055pt)
* v-part:(T,H,B)=(85.35826pt, 674.33032pt, 85.35826pt)
* \paperwidth=597.50787pt
* \paperheight=845.04684pt
* \textwidth=483.69687pt
* \textheight=674.33032pt
* \oddsidemargin=-15.36449pt
* \evensidemargin=-15.36449pt
* \topmargin=-23.91173pt
* \headheight=30.0pt
* \headsep=25.0pt
* \topskip=11.0pt
* \footskip=30.0pt
* \marginparwidth=50.0pt
* \marginparsep=10.0pt
* \columnsep=10.0pt
* \skip\footins=10.0pt plus 4.0pt minus 2.0pt
* \hoffset=0.0pt
* \voffset=0.0pt
* \mag=1000
* \@twocolumnfalse
* \@twosidefalse
* \@mparswitchfalse
* \@reversemarginfalse
* (1in=72.27pt=25.4mm, 1cm=28.453pt)

Package caption Info: Begin \AtBeginDocument code.
Package caption Info: float package is loaded.
Package caption Info: hyperref package is loaded.
Package caption Info: End \AtBeginDocument code.
Package biblatex Info: Trying to load language 'catalan'...
Package biblatex Info: ... file 'catalan.lbx' found.

(C:\Users\Pedro\AppData\Local\Programs\MiKTeX\tex/latex/biblatex/lbx\catalan.lb
x
File: catalan.lbx 2020/12/31 v3.16 biblatex localization (PK/MW)
)
Package biblatex Info: Input encoding 'utf8' detected.
Package biblatex Info: Automatic encoding selection.
(biblatex)             Assuming data encoding 'utf8'.
Package biblatex Info: Document encoding is UTF8 ....
Package biblatex Info: ... and expl3
(biblatex)             2021-01-09 L3 programming layer (loader) 
(biblatex)             is new enough (at least 2020/04/06),
(biblatex)             setting 'casechanger=expl3'.

(C:\Users\Pedro\AppData\Local\Programs\MiKTeX\tex/latex/biblatex\blx-case-expl3
.sty
Package: blx-case-expl3 2020/12/31 v3.16 expl3 case changing code for biblatex
)
\openout4 = `project_02.bcf'.

Package biblatex Info: Trying to load bibliographic data...
Package biblatex Info: ... file 'project_02.bbl' found.

("C:\PLS\Universidad\07 - Cuatrimestre 4A\Din치mica de Gases y Transferencia de
 Calor y Masa\gas_dynamics_heat_mass_transfer\projecte_02\Informe\auxdir\projec
t_02.bbl")
Package biblatex Info: Reference section=0 on input line 7.
Package biblatex Info: Reference segment=0 on input line 7.
Package hyperref Info: Link coloring ON on input line 7.

(C:\Users\Pedro\AppData\Local\Programs\MiKTeX\tex/latex/hyperref\nameref.sty
Package: nameref 2019/09/16 v2.46 Cross-referencing by name of section

(C:\Users\Pedro\AppData\Local\Programs\MiKTeX\tex/latex/refcount\refcount.sty
Package: refcount 2019/12/15 v3.6 Data extraction from label references (HO)
)
(C:\Users\Pedro\AppData\Local\Programs\MiKTeX\tex/generic/gettitlestring\gettit
lestring.sty
Package: gettitlestring 2019/12/15 v1.6 Cleanup title references (HO)
)
\c@section@level=\count486
)
LaTeX Info: Redefining \ref on input line 7.
LaTeX Info: Redefining \pageref on input line 7.
LaTeX Info: Redefining \nameref on input line 7.

("C:\PLS\Universidad\07 - Cuatrimestre 4A\Din치mica de Gases y Transferencia de
 Calor y Masa\gas_dynamics_heat_mass_transfer\projecte_02\Informe\auxdir\projec
t_02.out")
("C:\PLS\Universidad\07 - Cuatrimestre 4A\Din치mica de Gases y Transferencia de
 Calor y Masa\gas_dynamics_heat_mass_transfer\projecte_02\Informe\auxdir\projec
t_02.out")
\@outlinefile=\write5
\openout5 = `project_02.out'.

 (title.tex
LaTeX Font Info:    Trying to load font information for OT1+lmr on input line 3
1.

(C:\Users\Pedro\AppData\Local\Programs\MiKTeX\tex/latex/lm\ot1lmr.fd
File: ot1lmr.fd 2009/10/30 v1.6 Font defs for Latin Modern
)
LaTeX Font Info:    Trying to load font information for OML+lmm on input line 3
1.

(C:\Users\Pedro\AppData\Local\Programs\MiKTeX\tex/latex/lm\omllmm.fd
File: omllmm.fd 2009/10/30 v1.6 Font defs for Latin Modern
)
LaTeX Font Info:    Trying to load font information for OMS+lmsy on input line 
31.

(C:\Users\Pedro\AppData\Local\Programs\MiKTeX\tex/latex/lm\omslmsy.fd
File: omslmsy.fd 2009/10/30 v1.6 Font defs for Latin Modern
)
LaTeX Font Info:    Trying to load font information for OMX+lmex on input line 
31.

(C:\Users\Pedro\AppData\Local\Programs\MiKTeX\tex/latex/lm\omxlmex.fd
File: omxlmex.fd 2009/10/30 v1.6 Font defs for Latin Modern
)
LaTeX Font Info:    External font `lmex10' loaded for size
(Font)              <12> on input line 31.
LaTeX Font Info:    External font `lmex10' loaded for size
(Font)              <8> on input line 31.
LaTeX Font Info:    External font `lmex10' loaded for size
(Font)              <6> on input line 31.
LaTeX Font Info:    Trying to load font information for U+msa on input line 31.


(C:\Users\Pedro\AppData\Local\Programs\MiKTeX\tex/latex/amsfonts\umsa.fd
File: umsa.fd 2013/01/14 v3.01 AMS symbols A
)
LaTeX Font Info:    Trying to load font information for U+msb on input line 31.


(C:\Users\Pedro\AppData\Local\Programs\MiKTeX\tex/latex/amsfonts\umsb.fd
File: umsb.fd 2013/01/14 v3.01 AMS symbols B
)
LaTeX Font Info:    Trying to load font information for U+rsfs on input line 31
.

(C:\Users\Pedro\AppData\Local\Programs\MiKTeX\tex/latex/jknappen\ursfs.fd
File: ursfs.fd 1998/03/24 rsfs font definition file (jk)
)
<imagenes/00_general/logo_eseiaat.pdf, id=150, 640.1867pt x 170.7168pt>
File: imagenes/00_general/logo_eseiaat.pdf Graphic file (type pdf)
<use imagenes/00_general/logo_eseiaat.pdf>
Package pdftex.def Info: imagenes/00_general/logo_eseiaat.pdf  used on input li
ne 36.
(pdftex.def)             Requested size: 290.22107pt x 77.39493pt.

[1

{C:/Users/Pedro/AppData/Local/MiKTeX/pdftex/config/pdftex.map} <./imagenes/00_g
eneral/logo_eseiaat.pdf>])pdfTeX warning (ext4): destination with the same iden
tifier (name{page.1}) has been already used, duplicate ignored
<to be read again> 
                   \relax 
l.10 \shipout\null
                   [1]
("C:\PLS\Universidad\07 - Cuatrimestre 4A\Din치mica de Gases y Transferencia de
 Calor y Masa\gas_dynamics_heat_mass_transfer\projecte_02\Informe\auxdir\projec
t_02.toc"
LaTeX Font Info:    External font `lmex10' loaded for size
(Font)              <10.95> on input line 8.
pdfTeX warning (ext4): destination with the same identifier (name{page.1}) has 
been already used, duplicate ignored
<to be read again> 
                   \relax 
l.66 ...num칟ric de derivades}{38}{subsection.A.2}
                                                  % [1

])
\tf@toc=\write6
\openout6 = `project_02.toc'.

 [2]
(sections/01_plantejament/01_plantejament.tex) [3

]
(sections/02_analisi_problema/02_analisi_problema.tex
(sections/02_analisi_problema/02_01_estudi_analitic.tex [4

]
LaTeX Font Info:    Trying to load font information for TS1+lmr on input line 9
8.

(C:\Users\Pedro\AppData\Local\Programs\MiKTeX\tex/latex/lm\ts1lmr.fd
File: ts1lmr.fd 2009/10/30 v1.6 Font defs for Latin Modern
) [5])
(sections/02_analisi_problema/02_02_estudi_numeric.tex [6]

LaTeX Warning: `h' float specifier changed to `ht'.

[7] [8] [9] [10] [11]
Missing character: There is no t in font nullfont!
Missing character: There is no t in font nullfont!
Missing character: There is no t in font nullfont!
Missing character: There is no t in font nullfont!
 [12] [13]
Package hyperref Info: bookmark level for unknown algorithm defaults to 0 on in
put line 694.
 [14] [15])) [16]
(sections/03_validacio/03_validacio.tex
(sections/03_validacio/03_01_validacio_ppt.tex [17

pdfTeX warning (ext4): destination with the same identifier (name{equation.3.1}
) has been already used, duplicate ignored
<argument> ...shipout:D \box_use:N \l_shipout_box 
                                                  
l.45 
     pdfTeX warning (ext4): destination with the same identifier (name{equation
.3.1}) has been already used, duplicate ignored
<argument> ...shipout:D \box_use:N \l_shipout_box 
                                                  
l.45 
     pdfTeX warning (ext4): destination with the same identifier (name{equation
.3.1}) has been already used, duplicate ignored
<argument> ...shipout:D \box_use:N \l_shipout_box 
                                                  
l.45 
     pdfTeX warning (ext4): destination with the same identifier (name{equation
.3.1}) has been already used, duplicate ignored
<argument> ...shipout:D \box_use:N \l_shipout_box 
                                                  
l.45 
     ]
LaTeX Font Info:    Trying to load font information for T1+lmss on input line 4
6.
 (C:\Users\Pedro\AppData\Local\Programs\MiKTeX\tex/latex/lm\t1lmss.fd
File: t1lmss.fd 2009/10/30 v1.6 Font defs for Latin Modern
)
<imagenes/03_validacio/validacio_01.pdf, id=492, 501.875pt x 376.40625pt>
File: imagenes/03_validacio/validacio_01.pdf Graphic file (type pdf)
<use imagenes/03_validacio/validacio_01.pdf>
Package pdftex.def Info: imagenes/03_validacio/validacio_01.pdf  used on input 
line 135.
(pdftex.def)             Requested size: 229.75526pt x 172.31616pt.
LaTeX Font Info:    External font `lmex10' loaded for size
(Font)              <10> on input line 137.
LaTeX Font Info:    External font `lmex10' loaded for size
(Font)              <7> on input line 137.
LaTeX Font Info:    External font `lmex10' loaded for size
(Font)              <5> on input line 137.
<imagenes/03_validacio/validacio_02.pdf, id=493, 501.875pt x 376.40625pt>
File: imagenes/03_validacio/validacio_02.pdf Graphic file (type pdf)
<use imagenes/03_validacio/validacio_02.pdf>
Package pdftex.def Info: imagenes/03_validacio/validacio_02.pdf  used on input 
line 143.
(pdftex.def)             Requested size: 229.75526pt x 172.31616pt.
<imagenes/03_validacio/validacio_03.pdf, id=494, 501.875pt x 376.40625pt>
File: imagenes/03_validacio/validacio_03.pdf Graphic file (type pdf)
<use imagenes/03_validacio/validacio_03.pdf>
Package pdftex.def Info: imagenes/03_validacio/validacio_03.pdf  used on input 
line 151.
(pdftex.def)             Requested size: 229.75526pt x 172.31616pt.
<imagenes/03_validacio/validacio_04.pdf, id=495, 501.875pt x 376.40625pt>
File: imagenes/03_validacio/validacio_04.pdf Graphic file (type pdf)
<use imagenes/03_validacio/validacio_04.pdf>
Package pdftex.def Info: imagenes/03_validacio/validacio_04.pdf  used on input 
line 159.
(pdftex.def)             Requested size: 229.75526pt x 172.31616pt.
<imagenes/03_validacio/validacio_05.pdf, id=496, 501.875pt x 376.40625pt>
File: imagenes/03_validacio/validacio_05.pdf Graphic file (type pdf)
<use imagenes/03_validacio/validacio_05.pdf>
Package pdftex.def Info: imagenes/03_validacio/validacio_05.pdf  used on input 
line 167.
(pdftex.def)             Requested size: 229.75526pt x 172.31616pt.
<imagenes/03_validacio/validacio_06.pdf, id=497, 501.875pt x 376.40625pt>
File: imagenes/03_validacio/validacio_06.pdf Graphic file (type pdf)
<use imagenes/03_validacio/validacio_06.pdf>
Package pdftex.def Info: imagenes/03_validacio/validacio_06.pdf  used on input 
line 175.
(pdftex.def)             Requested size: 229.75526pt x 172.31616pt.
<imagenes/03_validacio/validacio_07.pdf, id=498, 501.875pt x 376.40625pt>
File: imagenes/03_validacio/validacio_07.pdf Graphic file (type pdf)
<use imagenes/03_validacio/validacio_07.pdf>
Package pdftex.def Info: imagenes/03_validacio/validacio_07.pdf  used on input 
line 189.
(pdftex.def)             Requested size: 229.75526pt x 172.31616pt.
<imagenes/03_validacio/validacio_08.pdf, id=499, 501.875pt x 376.40625pt>
File: imagenes/03_validacio/validacio_08.pdf Graphic file (type pdf)
<use imagenes/03_validacio/validacio_08.pdf>
Package pdftex.def Info: imagenes/03_validacio/validacio_08.pdf  used on input 
line 197.
(pdftex.def)             Requested size: 229.75526pt x 172.31616pt.
<imagenes/03_validacio/validacio_09.pdf, id=500, 501.875pt x 376.40625pt>
File: imagenes/03_validacio/validacio_09.pdf Graphic file (type pdf)
<use imagenes/03_validacio/validacio_09.pdf>
Package pdftex.def Info: imagenes/03_validacio/validacio_09.pdf  used on input 
line 205.
(pdftex.def)             Requested size: 229.75526pt x 172.31616pt.
<imagenes/03_validacio/validacio_10.pdf, id=501, 501.875pt x 376.40625pt>
File: imagenes/03_validacio/validacio_10.pdf Graphic file (type pdf)
<use imagenes/03_validacio/validacio_10.pdf>
Package pdftex.def Info: imagenes/03_validacio/validacio_10.pdf  used on input 
line 213.
(pdftex.def)             Requested size: 229.75526pt x 172.31616pt.
<imagenes/03_validacio/validacio_11.pdf, id=502, 501.875pt x 376.40625pt>
File: imagenes/03_validacio/validacio_11.pdf Graphic file (type pdf)
<use imagenes/03_validacio/validacio_11.pdf>
Package pdftex.def Info: imagenes/03_validacio/validacio_11.pdf  used on input 
line 221.
(pdftex.def)             Requested size: 229.75526pt x 172.31616pt.
<imagenes/03_validacio/validacio_12.pdf, id=503, 501.875pt x 376.40625pt>
File: imagenes/03_validacio/validacio_12.pdf Graphic file (type pdf)
<use imagenes/03_validacio/validacio_12.pdf>
Package pdftex.def Info: imagenes/03_validacio/validacio_12.pdf  used on input 
line 229.
(pdftex.def)             Requested size: 229.75526pt x 172.31616pt.
)
(sections/03_validacio/03_02_validacio_isotermes.tex [18] [19 <./imagenes/03_va
lidacio/validacio_01.pdf> <./imagenes/03_validacio/validacio_02.pdf> <./imagene
s/03_validacio/validacio_03.pdf> <./imagenes/03_validacio/validacio_04.pdf> <./
imagenes/03_validacio/validacio_05.pdf> <./imagenes/03_validacio/validacio_06.p
df>] [20 <./imagenes/03_validacio/validacio_07.pdf> <./imagenes/03_validacio/va
lidacio_08.pdf> <./imagenes/03_validacio/validacio_09.pdf> <./imagenes/03_valid
acio/validacio_10.pdf> <./imagenes/03_validacio/validacio_11.pdf> <./imagenes/0
3_validacio/validacio_12.pdf>]
<imagenes/03_validacio/isotermes.png, id=765, 562.11606pt x 421.5509pt>
File: imagenes/03_validacio/isotermes.png Graphic file (type png)
<use imagenes/03_validacio/isotermes.png>
Package pdftex.def Info: imagenes/03_validacio/isotermes.png  used on input lin
e 12.
(pdftex.def)             Requested size: 341.43306pt x 256.05861pt.
<imagenes/03_validacio/isotermes_cttc.PNG, id=766, 941.01563pt x 674.52pt>
File: imagenes/03_validacio/isotermes_cttc.PNG Graphic file (type png)
<use imagenes/03_validacio/isotermes_cttc.PNG>
Package pdftex.def Info: imagenes/03_validacio/isotermes_cttc.PNG  used on inpu
t line 31.
(pdftex.def)             Requested size: 312.9803pt x 224.34198pt.
 [21

 <./imagenes/03_validacio/isotermes.png (PNG copy)> <./imagenes/03_validacio/is
otermes_cttc.PNG>])) [22]
(sections/04_analisi_influencia_dades_numeriques/04_analisi_influencia_dades_nu
meriques.tex
(sections/04_analisi_influencia_dades_numeriques/04_01_densitat_malla.tex
<imagenes/04_analisi_influencia_dades_numeriques/malla/malla_31.pdf, id=786, 56
2.1pt x 421.575pt>
File: imagenes/04_analisi_influencia_dades_numeriques/malla/malla_31.pdf Graphi
c file (type pdf)
<use imagenes/04_analisi_influencia_dades_numeriques/malla/malla_31.pdf>
Package pdftex.def Info: imagenes/04_analisi_influencia_dades_numeriques/malla/
malla_31.pdf  used on input line 13.
(pdftex.def)             Requested size: 229.75526pt x 172.31294pt.
<imagenes/04_analisi_influencia_dades_numeriques/malla/malla_34.pdf, id=787, 56
2.1pt x 421.575pt>
File: imagenes/04_analisi_influencia_dades_numeriques/malla/malla_34.pdf Graphi
c file (type pdf)
<use imagenes/04_analisi_influencia_dades_numeriques/malla/malla_34.pdf>
Package pdftex.def Info: imagenes/04_analisi_influencia_dades_numeriques/malla/
malla_34.pdf  used on input line 20.
(pdftex.def)             Requested size: 229.75526pt x 172.31294pt.
)
(sections/04_analisi_influencia_dades_numeriques/04_02_pas_temps.tex [23

 <./imagenes/04_analisi_influencia_dades_numeriques/malla/malla_31.pdf> <./imag
enes/04_analisi_influencia_dades_numeriques/malla/malla_34.pdf>]
LaTeX Font Info:    External font `lmex10' loaded for size
(Font)              <9> on input line 6.
)
(sections/04_analisi_influencia_dades_numeriques/04_03_esquema_integracio.tex)
(sections/04_analisi_influencia_dades_numeriques/04_04_grafiques.tex
<imagenes/04_analisi_influencia_dades_numeriques/malla/malla_1.pdf, id=816, 562
.1pt x 421.575pt>
File: imagenes/04_analisi_influencia_dades_numeriques/malla/malla_1.pdf Graphic
 file (type pdf)
<use imagenes/04_analisi_influencia_dades_numeriques/malla/malla_1.pdf>
Package pdftex.def Info: imagenes/04_analisi_influencia_dades_numeriques/malla/
malla_1.pdf  used on input line 10.
(pdftex.def)             Requested size: 229.75526pt x 172.31294pt.
<imagenes/04_analisi_influencia_dades_numeriques/malla/malla_2.pdf, id=817, 562
.1pt x 421.575pt>
File: imagenes/04_analisi_influencia_dades_numeriques/malla/malla_2.pdf Graphic
 file (type pdf)
<use imagenes/04_analisi_influencia_dades_numeriques/malla/malla_2.pdf>
Package pdftex.def Info: imagenes/04_analisi_influencia_dades_numeriques/malla/
malla_2.pdf  used on input line 17.
(pdftex.def)             Requested size: 229.75526pt x 172.31294pt.
<imagenes/04_analisi_influencia_dades_numeriques/malla/malla_3.pdf, id=818, 562
.1pt x 421.575pt>
File: imagenes/04_analisi_influencia_dades_numeriques/malla/malla_3.pdf Graphic
 file (type pdf)
<use imagenes/04_analisi_influencia_dades_numeriques/malla/malla_3.pdf>
Package pdftex.def Info: imagenes/04_analisi_influencia_dades_numeriques/malla/
malla_3.pdf  used on input line 24.
(pdftex.def)             Requested size: 229.75526pt x 172.31294pt.
<imagenes/04_analisi_influencia_dades_numeriques/malla/malla_4.pdf, id=819, 562
.1pt x 421.575pt>
File: imagenes/04_analisi_influencia_dades_numeriques/malla/malla_4.pdf Graphic
 file (type pdf)
<use imagenes/04_analisi_influencia_dades_numeriques/malla/malla_4.pdf>
Package pdftex.def Info: imagenes/04_analisi_influencia_dades_numeriques/malla/
malla_4.pdf  used on input line 31.
(pdftex.def)             Requested size: 229.75526pt x 172.31294pt.
<imagenes/04_analisi_influencia_dades_numeriques/malla/malla_5.pdf, id=820, 562
.1pt x 421.575pt>
File: imagenes/04_analisi_influencia_dades_numeriques/malla/malla_5.pdf Graphic
 file (type pdf)
<use imagenes/04_analisi_influencia_dades_numeriques/malla/malla_5.pdf>
Package pdftex.def Info: imagenes/04_analisi_influencia_dades_numeriques/malla/
malla_5.pdf  used on input line 38.
(pdftex.def)             Requested size: 229.75526pt x 172.31294pt.
<imagenes/04_analisi_influencia_dades_numeriques/malla/malla_6.pdf, id=821, 562
.1pt x 421.575pt>
File: imagenes/04_analisi_influencia_dades_numeriques/malla/malla_6.pdf Graphic
 file (type pdf)
<use imagenes/04_analisi_influencia_dades_numeriques/malla/malla_6.pdf>
Package pdftex.def Info: imagenes/04_analisi_influencia_dades_numeriques/malla/
malla_6.pdf  used on input line 45.
(pdftex.def)             Requested size: 229.75526pt x 172.31294pt.
<imagenes/04_analisi_influencia_dades_numeriques/malla/malla_7.pdf, id=822, 562
.1pt x 421.575pt>
File: imagenes/04_analisi_influencia_dades_numeriques/malla/malla_7.pdf Graphic
 file (type pdf)
<use imagenes/04_analisi_influencia_dades_numeriques/malla/malla_7.pdf>
Package pdftex.def Info: imagenes/04_analisi_influencia_dades_numeriques/malla/
malla_7.pdf  used on input line 58.
(pdftex.def)             Requested size: 229.75526pt x 172.31294pt.
<imagenes/04_analisi_influencia_dades_numeriques/malla/malla_8.pdf, id=823, 562
.1pt x 421.575pt>
File: imagenes/04_analisi_influencia_dades_numeriques/malla/malla_8.pdf Graphic
 file (type pdf)
<use imagenes/04_analisi_influencia_dades_numeriques/malla/malla_8.pdf>
Package pdftex.def Info: imagenes/04_analisi_influencia_dades_numeriques/malla/
malla_8.pdf  used on input line 65.
(pdftex.def)             Requested size: 229.75526pt x 172.31294pt.
<imagenes/04_analisi_influencia_dades_numeriques/malla/malla_9.pdf, id=824, 562
.1pt x 421.575pt>
File: imagenes/04_analisi_influencia_dades_numeriques/malla/malla_9.pdf Graphic
 file (type pdf)
<use imagenes/04_analisi_influencia_dades_numeriques/malla/malla_9.pdf>
Package pdftex.def Info: imagenes/04_analisi_influencia_dades_numeriques/malla/
malla_9.pdf  used on input line 72.
(pdftex.def)             Requested size: 229.75526pt x 172.31294pt.
<imagenes/04_analisi_influencia_dades_numeriques/malla/malla_10.pdf, id=825, 56
2.1pt x 421.575pt>
File: imagenes/04_analisi_influencia_dades_numeriques/malla/malla_10.pdf Graphi
c file (type pdf)
<use imagenes/04_analisi_influencia_dades_numeriques/malla/malla_10.pdf>
Package pdftex.def Info: imagenes/04_analisi_influencia_dades_numeriques/malla/
malla_10.pdf  used on input line 79.
(pdftex.def)             Requested size: 229.75526pt x 172.31294pt.
<imagenes/04_analisi_influencia_dades_numeriques/malla/malla_11.pdf, id=826, 56
2.1pt x 421.575pt>
File: imagenes/04_analisi_influencia_dades_numeriques/malla/malla_11.pdf Graphi
c file (type pdf)
<use imagenes/04_analisi_influencia_dades_numeriques/malla/malla_11.pdf>
Package pdftex.def Info: imagenes/04_analisi_influencia_dades_numeriques/malla/
malla_11.pdf  used on input line 86.
(pdftex.def)             Requested size: 229.75526pt x 172.31294pt.
<imagenes/04_analisi_influencia_dades_numeriques/malla/malla_12.pdf, id=827, 56
2.1pt x 421.575pt>
File: imagenes/04_analisi_influencia_dades_numeriques/malla/malla_12.pdf Graphi
c file (type pdf)
<use imagenes/04_analisi_influencia_dades_numeriques/malla/malla_12.pdf>
Package pdftex.def Info: imagenes/04_analisi_influencia_dades_numeriques/malla/
malla_12.pdf  used on input line 93.
(pdftex.def)             Requested size: 229.75526pt x 172.31294pt.
<imagenes/04_analisi_influencia_dades_numeriques/pas_temps/pas_temps_7.pdf, id=
828, 562.1pt x 421.575pt>
File: imagenes/04_analisi_influencia_dades_numeriques/pas_temps/pas_temps_7.pdf
 Graphic file (type pdf)
<use imagenes/04_analisi_influencia_dades_numeriques/pas_temps/pas_temps_7.pdf>

Package pdftex.def Info: imagenes/04_analisi_influencia_dades_numeriques/pas_te
mps/pas_temps_7.pdf  used on input line 108.
(pdftex.def)             Requested size: 229.75526pt x 172.31294pt.
<imagenes/04_analisi_influencia_dades_numeriques/pas_temps/pas_temps_8.pdf, id=
829, 562.1pt x 421.575pt>
File: imagenes/04_analisi_influencia_dades_numeriques/pas_temps/pas_temps_8.pdf
 Graphic file (type pdf)
<use imagenes/04_analisi_influencia_dades_numeriques/pas_temps/pas_temps_8.pdf>

Package pdftex.def Info: imagenes/04_analisi_influencia_dades_numeriques/pas_te
mps/pas_temps_8.pdf  used on input line 115.
(pdftex.def)             Requested size: 229.75526pt x 172.31294pt.
<imagenes/04_analisi_influencia_dades_numeriques/pas_temps/pas_temps_9.pdf, id=
830, 562.1pt x 421.575pt>
File: imagenes/04_analisi_influencia_dades_numeriques/pas_temps/pas_temps_9.pdf
 Graphic file (type pdf)
<use imagenes/04_analisi_influencia_dades_numeriques/pas_temps/pas_temps_9.pdf>

Package pdftex.def Info: imagenes/04_analisi_influencia_dades_numeriques/pas_te
mps/pas_temps_9.pdf  used on input line 122.
(pdftex.def)             Requested size: 229.75526pt x 172.31294pt.
<imagenes/04_analisi_influencia_dades_numeriques/pas_temps/pas_temps_10.pdf, id
=831, 562.1pt x 421.575pt>
File: imagenes/04_analisi_influencia_dades_numeriques/pas_temps/pas_temps_10.pd
f Graphic file (type pdf)
<use imagenes/04_analisi_influencia_dades_numeriques/pas_temps/pas_temps_10.pdf
>
Package pdftex.def Info: imagenes/04_analisi_influencia_dades_numeriques/pas_te
mps/pas_temps_10.pdf  used on input line 129.
(pdftex.def)             Requested size: 229.75526pt x 172.31294pt.
<imagenes/04_analisi_influencia_dades_numeriques/pas_temps/pas_temps_11.pdf, id
=832, 562.1pt x 421.575pt>
File: imagenes/04_analisi_influencia_dades_numeriques/pas_temps/pas_temps_11.pd
f Graphic file (type pdf)
<use imagenes/04_analisi_influencia_dades_numeriques/pas_temps/pas_temps_11.pdf
>
Package pdftex.def Info: imagenes/04_analisi_influencia_dades_numeriques/pas_te
mps/pas_temps_11.pdf  used on input line 136.
(pdftex.def)             Requested size: 229.75526pt x 172.31294pt.
<imagenes/04_analisi_influencia_dades_numeriques/pas_temps/pas_temps_12.pdf, id
=833, 562.1pt x 421.575pt>
File: imagenes/04_analisi_influencia_dades_numeriques/pas_temps/pas_temps_12.pd
f Graphic file (type pdf)
<use imagenes/04_analisi_influencia_dades_numeriques/pas_temps/pas_temps_12.pdf
>
Package pdftex.def Info: imagenes/04_analisi_influencia_dades_numeriques/pas_te
mps/pas_temps_12.pdf  used on input line 143.
(pdftex.def)             Requested size: 229.75526pt x 172.31294pt.
<imagenes/04_analisi_influencia_dades_numeriques/pas_temps/pas_temps_13.pdf, id
=834, 562.1pt x 421.575pt>
File: imagenes/04_analisi_influencia_dades_numeriques/pas_temps/pas_temps_13.pd
f Graphic file (type pdf)
<use imagenes/04_analisi_influencia_dades_numeriques/pas_temps/pas_temps_13.pdf
>
Package pdftex.def Info: imagenes/04_analisi_influencia_dades_numeriques/pas_te
mps/pas_temps_13.pdf  used on input line 156.
(pdftex.def)             Requested size: 229.75526pt x 172.31294pt.
<imagenes/04_analisi_influencia_dades_numeriques/pas_temps/pas_temps_14.pdf, id
=835, 562.1pt x 421.575pt>
File: imagenes/04_analisi_influencia_dades_numeriques/pas_temps/pas_temps_14.pd
f Graphic file (type pdf)
<use imagenes/04_analisi_influencia_dades_numeriques/pas_temps/pas_temps_14.pdf
>
Package pdftex.def Info: imagenes/04_analisi_influencia_dades_numeriques/pas_te
mps/pas_temps_14.pdf  used on input line 163.
(pdftex.def)             Requested size: 229.75526pt x 172.31294pt.
<imagenes/04_analisi_influencia_dades_numeriques/pas_temps/pas_temps_15.pdf, id
=836, 562.1pt x 421.575pt>
File: imagenes/04_analisi_influencia_dades_numeriques/pas_temps/pas_temps_15.pd
f Graphic file (type pdf)
<use imagenes/04_analisi_influencia_dades_numeriques/pas_temps/pas_temps_15.pdf
>
Package pdftex.def Info: imagenes/04_analisi_influencia_dades_numeriques/pas_te
mps/pas_temps_15.pdf  used on input line 170.
(pdftex.def)             Requested size: 229.75526pt x 172.31294pt.
<imagenes/04_analisi_influencia_dades_numeriques/pas_temps/pas_temps_16.pdf, id
=837, 562.1pt x 421.575pt>
File: imagenes/04_analisi_influencia_dades_numeriques/pas_temps/pas_temps_16.pd
f Graphic file (type pdf)
<use imagenes/04_analisi_influencia_dades_numeriques/pas_temps/pas_temps_16.pdf
>
Package pdftex.def Info: imagenes/04_analisi_influencia_dades_numeriques/pas_te
mps/pas_temps_16.pdf  used on input line 177.
(pdftex.def)             Requested size: 229.75526pt x 172.31294pt.
<imagenes/04_analisi_influencia_dades_numeriques/pas_temps/pas_temps_17.pdf, id
=838, 562.1pt x 421.575pt>
File: imagenes/04_analisi_influencia_dades_numeriques/pas_temps/pas_temps_17.pd
f Graphic file (type pdf)
<use imagenes/04_analisi_influencia_dades_numeriques/pas_temps/pas_temps_17.pdf
>
Package pdftex.def Info: imagenes/04_analisi_influencia_dades_numeriques/pas_te
mps/pas_temps_17.pdf  used on input line 184.
(pdftex.def)             Requested size: 229.75526pt x 172.31294pt.
<imagenes/04_analisi_influencia_dades_numeriques/pas_temps/pas_temps_18.pdf, id
=839, 562.1pt x 421.575pt>
File: imagenes/04_analisi_influencia_dades_numeriques/pas_temps/pas_temps_18.pd
f Graphic file (type pdf)
<use imagenes/04_analisi_influencia_dades_numeriques/pas_temps/pas_temps_18.pdf
>
Package pdftex.def Info: imagenes/04_analisi_influencia_dades_numeriques/pas_te
mps/pas_temps_18.pdf  used on input line 191.
(pdftex.def)             Requested size: 229.75526pt x 172.31294pt.
<imagenes/04_analisi_influencia_dades_numeriques/esquema/esquema_1.pdf, id=840,
 562.1pt x 421.575pt>
File: imagenes/04_analisi_influencia_dades_numeriques/esquema/esquema_1.pdf Gra
phic file (type pdf)
<use imagenes/04_analisi_influencia_dades_numeriques/esquema/esquema_1.pdf>
Package pdftex.def Info: imagenes/04_analisi_influencia_dades_numeriques/esquem
a/esquema_1.pdf  used on input line 206.
(pdftex.def)             Requested size: 229.75526pt x 172.31294pt.
<imagenes/04_analisi_influencia_dades_numeriques/esquema/esquema_2.pdf, id=841,
 562.1pt x 421.575pt>
File: imagenes/04_analisi_influencia_dades_numeriques/esquema/esquema_2.pdf Gra
phic file (type pdf)
<use imagenes/04_analisi_influencia_dades_numeriques/esquema/esquema_2.pdf>
Package pdftex.def Info: imagenes/04_analisi_influencia_dades_numeriques/esquem
a/esquema_2.pdf  used on input line 213.
(pdftex.def)             Requested size: 229.75526pt x 172.31294pt.
<imagenes/04_analisi_influencia_dades_numeriques/esquema/esquema_3.pdf, id=842,
 562.1pt x 421.575pt>
File: imagenes/04_analisi_influencia_dades_numeriques/esquema/esquema_3.pdf Gra
phic file (type pdf)
<use imagenes/04_analisi_influencia_dades_numeriques/esquema/esquema_3.pdf>
Package pdftex.def Info: imagenes/04_analisi_influencia_dades_numeriques/esquem
a/esquema_3.pdf  used on input line 220.
(pdftex.def)             Requested size: 229.75526pt x 172.31294pt.
<imagenes/04_analisi_influencia_dades_numeriques/esquema/esquema_4.pdf, id=843,
 562.1pt x 421.575pt>
File: imagenes/04_analisi_influencia_dades_numeriques/esquema/esquema_4.pdf Gra
phic file (type pdf)
<use imagenes/04_analisi_influencia_dades_numeriques/esquema/esquema_4.pdf>
Package pdftex.def Info: imagenes/04_analisi_influencia_dades_numeriques/esquem
a/esquema_4.pdf  used on input line 227.
(pdftex.def)             Requested size: 229.75526pt x 172.31294pt.
<imagenes/04_analisi_influencia_dades_numeriques/esquema/esquema_5.pdf, id=844,
 562.1pt x 421.575pt>
File: imagenes/04_analisi_influencia_dades_numeriques/esquema/esquema_5.pdf Gra
phic file (type pdf)
<use imagenes/04_analisi_influencia_dades_numeriques/esquema/esquema_5.pdf>
Package pdftex.def Info: imagenes/04_analisi_influencia_dades_numeriques/esquem
a/esquema_5.pdf  used on input line 234.
(pdftex.def)             Requested size: 229.75526pt x 172.31294pt.
<imagenes/04_analisi_influencia_dades_numeriques/esquema/esquema_6.pdf, id=845,
 562.1pt x 421.575pt>
File: imagenes/04_analisi_influencia_dades_numeriques/esquema/esquema_6.pdf Gra
phic file (type pdf)
<use imagenes/04_analisi_influencia_dades_numeriques/esquema/esquema_6.pdf>
Package pdftex.def Info: imagenes/04_analisi_influencia_dades_numeriques/esquem
a/esquema_6.pdf  used on input line 241.
(pdftex.def)             Requested size: 229.75526pt x 172.31294pt.
<imagenes/04_analisi_influencia_dades_numeriques/esquema/esquema_7.pdf, id=846,
 562.1pt x 421.575pt>
File: imagenes/04_analisi_influencia_dades_numeriques/esquema/esquema_7.pdf Gra
phic file (type pdf)
<use imagenes/04_analisi_influencia_dades_numeriques/esquema/esquema_7.pdf>
Package pdftex.def Info: imagenes/04_analisi_influencia_dades_numeriques/esquem
a/esquema_7.pdf  used on input line 254.
(pdftex.def)             Requested size: 229.75526pt x 172.31294pt.
<imagenes/04_analisi_influencia_dades_numeriques/esquema/esquema_8.pdf, id=847,
 562.1pt x 421.575pt>
File: imagenes/04_analisi_influencia_dades_numeriques/esquema/esquema_8.pdf Gra
phic file (type pdf)
<use imagenes/04_analisi_influencia_dades_numeriques/esquema/esquema_8.pdf>
Package pdftex.def Info: imagenes/04_analisi_influencia_dades_numeriques/esquem
a/esquema_8.pdf  used on input line 261.
(pdftex.def)             Requested size: 229.75526pt x 172.31294pt.
<imagenes/04_analisi_influencia_dades_numeriques/esquema/esquema_9.pdf, id=848,
 562.1pt x 421.575pt>
File: imagenes/04_analisi_influencia_dades_numeriques/esquema/esquema_9.pdf Gra
phic file (type pdf)
<use imagenes/04_analisi_influencia_dades_numeriques/esquema/esquema_9.pdf>
Package pdftex.def Info: imagenes/04_analisi_influencia_dades_numeriques/esquem
a/esquema_9.pdf  used on input line 268.
(pdftex.def)             Requested size: 229.75526pt x 172.31294pt.
<imagenes/04_analisi_influencia_dades_numeriques/esquema/esquema_10.pdf, id=849
, 562.1pt x 421.575pt>
File: imagenes/04_analisi_influencia_dades_numeriques/esquema/esquema_10.pdf Gr
aphic file (type pdf)
<use imagenes/04_analisi_influencia_dades_numeriques/esquema/esquema_10.pdf>
Package pdftex.def Info: imagenes/04_analisi_influencia_dades_numeriques/esquem
a/esquema_10.pdf  used on input line 275.
(pdftex.def)             Requested size: 229.75526pt x 172.31294pt.
<imagenes/04_analisi_influencia_dades_numeriques/esquema/esquema_11.pdf, id=850
, 562.1pt x 421.575pt>
File: imagenes/04_analisi_influencia_dades_numeriques/esquema/esquema_11.pdf Gr
aphic file (type pdf)
<use imagenes/04_analisi_influencia_dades_numeriques/esquema/esquema_11.pdf>
Package pdftex.def Info: imagenes/04_analisi_influencia_dades_numeriques/esquem
a/esquema_11.pdf  used on input line 282.
(pdftex.def)             Requested size: 229.75526pt x 172.31294pt.
<imagenes/04_analisi_influencia_dades_numeriques/esquema/esquema_12.pdf, id=851
, 562.1pt x 421.575pt>
File: imagenes/04_analisi_influencia_dades_numeriques/esquema/esquema_12.pdf Gr
aphic file (type pdf)
<use imagenes/04_analisi_influencia_dades_numeriques/esquema/esquema_12.pdf>
Package pdftex.def Info: imagenes/04_analisi_influencia_dades_numeriques/esquem
a/esquema_12.pdf  used on input line 289.
(pdftex.def)             Requested size: 229.75526pt x 172.31294pt.
)) [24]
[25 <./imagenes/04_analisi_influencia_dades_numeriques/malla/malla_1.pdf> <./im
agenes/04_analisi_influencia_dades_numeriques/malla/malla_2.pdf> <./imagenes/04
_analisi_influencia_dades_numeriques/malla/malla_3.pdf> <./imagenes/04_analisi_
influencia_dades_numeriques/malla/malla_4.pdf> <./imagenes/04_analisi_influenci
a_dades_numeriques/malla/malla_5.pdf> <./imagenes/04_analisi_influencia_dades_n
umeriques/malla/malla_6.pdf>] [26 <./imagenes/04_analisi_influencia_dades_numer
iques/malla/malla_7.pdf> <./imagenes/04_analisi_influencia_dades_numeriques/mal
la/malla_8.pdf> <./imagenes/04_analisi_influencia_dades_numeriques/malla/malla_
9.pdf> <./imagenes/04_analisi_influencia_dades_numeriques/malla/malla_10.pdf> <
./imagenes/04_analisi_influencia_dades_numeriques/malla/malla_11.pdf> <./imagen
es/04_analisi_influencia_dades_numeriques/malla/malla_12.pdf>] [27 <./imagenes/
04_analisi_influencia_dades_numeriques/pas_temps/pas_temps_7.pdf> <./imagenes/0
4_analisi_influencia_dades_numeriques/pas_temps/pas_temps_8.pdf> <./imagenes/04
_analisi_influencia_dades_numeriques/pas_temps/pas_temps_9.pdf> <./imagenes/04_
analisi_influencia_dades_numeriques/pas_temps/pas_temps_10.pdf> <./imagenes/04_
analisi_influencia_dades_numeriques/pas_temps/pas_temps_11.pdf> <./imagenes/04_
analisi_influencia_dades_numeriques/pas_temps/pas_temps_12.pdf>] [28 <./imagene
s/04_analisi_influencia_dades_numeriques/pas_temps/pas_temps_13.pdf> <./imagene
s/04_analisi_influencia_dades_numeriques/pas_temps/pas_temps_14.pdf> <./imagene
s/04_analisi_influencia_dades_numeriques/pas_temps/pas_temps_15.pdf> <./imagene
s/04_analisi_influencia_dades_numeriques/pas_temps/pas_temps_16.pdf> <./imagene
s/04_analisi_influencia_dades_numeriques/pas_temps/pas_temps_17.pdf> <./imagene
s/04_analisi_influencia_dades_numeriques/pas_temps/pas_temps_18.pdf>] [29 <./im
agenes/04_analisi_influencia_dades_numeriques/esquema/esquema_1.pdf> <./imagene
s/04_analisi_influencia_dades_numeriques/esquema/esquema_2.pdf> <./imagenes/04_
analisi_influencia_dades_numeriques/esquema/esquema_3.pdf> <./imagenes/04_anali
si_influencia_dades_numeriques/esquema/esquema_4.pdf> <./imagenes/04_analisi_in
fluencia_dades_numeriques/esquema/esquema_5.pdf> <./imagenes/04_analisi_influen
cia_dades_numeriques/esquema/esquema_6.pdf>] [30 <./imagenes/04_analisi_influen
cia_dades_numeriques/esquema/esquema_7.pdf> <./imagenes/04_analisi_influencia_d
ades_numeriques/esquema/esquema_8.pdf> <./imagenes/04_analisi_influencia_dades_
numeriques/esquema/esquema_9.pdf> <./imagenes/04_analisi_influencia_dades_numer
iques/esquema/esquema_10.pdf> <./imagenes/04_analisi_influencia_dades_numerique
s/esquema/esquema_11.pdf> <./imagenes/04_analisi_influencia_dades_numeriques/es
quema/esquema_12.pdf>]
(sections/06_canvi_condicions_contorn/06_canvi_condicions_contorn.tex
(sections/06_canvi_condicions_contorn/06_01_plantejament.tex)
(sections/06_canvi_condicions_contorn/06_02_estudi_numeric.tex [31

] [32])
(sections/06_canvi_condicions_contorn/06_03_resultats.tex
<imagenes/06_canvi_condicions_contorn/t_1000.pdf, id=1136, 562.1pt x 421.575pt>

File: imagenes/06_canvi_condicions_contorn/t_1000.pdf Graphic file (type pdf)
<use imagenes/06_canvi_condicions_contorn/t_1000.pdf>
Package pdftex.def Info: imagenes/06_canvi_condicions_contorn/t_1000.pdf  used 
on input line 12.
(pdftex.def)             Requested size: 229.75526pt x 172.31294pt.
<imagenes/06_canvi_condicions_contorn/t_2000.pdf, id=1137, 562.1pt x 421.575pt>

File: imagenes/06_canvi_condicions_contorn/t_2000.pdf Graphic file (type pdf)
<use imagenes/06_canvi_condicions_contorn/t_2000.pdf>
Package pdftex.def Info: imagenes/06_canvi_condicions_contorn/t_2000.pdf  used 
on input line 19.
(pdftex.def)             Requested size: 229.75526pt x 172.31294pt.
<imagenes/06_canvi_condicions_contorn/t_3000.pdf, id=1138, 562.1pt x 421.575pt>

File: imagenes/06_canvi_condicions_contorn/t_3000.pdf Graphic file (type pdf)
<use imagenes/06_canvi_condicions_contorn/t_3000.pdf>
Package pdftex.def Info: imagenes/06_canvi_condicions_contorn/t_3000.pdf  used 
on input line 26.
(pdftex.def)             Requested size: 229.75526pt x 172.31294pt.
<imagenes/06_canvi_condicions_contorn/t_4000.pdf, id=1139, 562.1pt x 421.575pt>

File: imagenes/06_canvi_condicions_contorn/t_4000.pdf Graphic file (type pdf)
<use imagenes/06_canvi_condicions_contorn/t_4000.pdf>
Package pdftex.def Info: imagenes/06_canvi_condicions_contorn/t_4000.pdf  used 
on input line 33.
(pdftex.def)             Requested size: 229.75526pt x 172.31294pt.
<imagenes/06_canvi_condicions_contorn/t_5000.pdf, id=1140, 562.1pt x 421.575pt>

File: imagenes/06_canvi_condicions_contorn/t_5000.pdf Graphic file (type pdf)
<use imagenes/06_canvi_condicions_contorn/t_5000.pdf>
Package pdftex.def Info: imagenes/06_canvi_condicions_contorn/t_5000.pdf  used 
on input line 40.
(pdftex.def)             Requested size: 229.75526pt x 172.31294pt.
<imagenes/06_canvi_condicions_contorn/t_6000.pdf, id=1141, 562.1pt x 421.575pt>

File: imagenes/06_canvi_condicions_contorn/t_6000.pdf Graphic file (type pdf)
<use imagenes/06_canvi_condicions_contorn/t_6000.pdf>
Package pdftex.def Info: imagenes/06_canvi_condicions_contorn/t_6000.pdf  used 
on input line 47.
(pdftex.def)             Requested size: 229.75526pt x 172.31294pt.
<imagenes/06_canvi_condicions_contorn/t_7000.pdf, id=1142, 562.1pt x 421.575pt>

File: imagenes/06_canvi_condicions_contorn/t_7000.pdf Graphic file (type pdf)
<use imagenes/06_canvi_condicions_contorn/t_7000.pdf>
Package pdftex.def Info: imagenes/06_canvi_condicions_contorn/t_7000.pdf  used 
on input line 60.
(pdftex.def)             Requested size: 229.75526pt x 172.31294pt.
<imagenes/06_canvi_condicions_contorn/t_8000.pdf, id=1143, 562.1pt x 421.575pt>

File: imagenes/06_canvi_condicions_contorn/t_8000.pdf Graphic file (type pdf)
<use imagenes/06_canvi_condicions_contorn/t_8000.pdf>
Package pdftex.def Info: imagenes/06_canvi_condicions_contorn/t_8000.pdf  used 
on input line 67.
(pdftex.def)             Requested size: 229.75526pt x 172.31294pt.
<imagenes/06_canvi_condicions_contorn/t_9000.pdf, id=1144, 562.1pt x 421.575pt>

File: imagenes/06_canvi_condicions_contorn/t_9000.pdf Graphic file (type pdf)
<use imagenes/06_canvi_condicions_contorn/t_9000.pdf>
Package pdftex.def Info: imagenes/06_canvi_condicions_contorn/t_9000.pdf  used 
on input line 74.
(pdftex.def)             Requested size: 229.75526pt x 172.31294pt.
<imagenes/06_canvi_condicions_contorn/t_10000.pdf, id=1145, 562.1pt x 421.575pt
>
File: imagenes/06_canvi_condicions_contorn/t_10000.pdf Graphic file (type pdf)
<use imagenes/06_canvi_condicions_contorn/t_10000.pdf>
Package pdftex.def Info: imagenes/06_canvi_condicions_contorn/t_10000.pdf  used
 on input line 81.
(pdftex.def)             Requested size: 229.75526pt x 172.31294pt.
<imagenes/06_canvi_condicions_contorn/t_15000.pdf, id=1146, 562.1pt x 421.575pt
>
File: imagenes/06_canvi_condicions_contorn/t_15000.pdf Graphic file (type pdf)
<use imagenes/06_canvi_condicions_contorn/t_15000.pdf>
Package pdftex.def Info: imagenes/06_canvi_condicions_contorn/t_15000.pdf  used
 on input line 88.
(pdftex.def)             Requested size: 229.75526pt x 172.31294pt.
<imagenes/06_canvi_condicions_contorn/t_20000.pdf, id=1147, 562.1pt x 421.575pt
>
File: imagenes/06_canvi_condicions_contorn/t_20000.pdf Graphic file (type pdf)
<use imagenes/06_canvi_condicions_contorn/t_20000.pdf>
Package pdftex.def Info: imagenes/06_canvi_condicions_contorn/t_20000.pdf  used
 on input line 95.
(pdftex.def)             Requested size: 229.75526pt x 172.31294pt.
)) [33] [34 <./imagenes/06_canvi_condicions_contorn/t_1000.pdf> <./imagenes/06_
canvi_condicions_contorn/t_2000.pdf> <./imagenes/06_canvi_condicions_contorn/t_
3000.pdf> <./imagenes/06_canvi_condicions_contorn/t_4000.pdf> <./imagenes/06_ca
nvi_condicions_contorn/t_5000.pdf> <./imagenes/06_canvi_condicions_contorn/t_60
00.pdf>] [35 <./imagenes/06_canvi_condicions_contorn/t_7000.pdf> <./imagenes/06
_canvi_condicions_contorn/t_8000.pdf> <./imagenes/06_canvi_condicions_contorn/t
_9000.pdf> <./imagenes/06_canvi_condicions_contorn/t_10000.pdf> <./imagenes/06_
canvi_condicions_contorn/t_15000.pdf> <./imagenes/06_canvi_condicions_contorn/t
_20000.pdf>] [36

]
(sections/99_annexes/99_annexes.tex
(sections/99_annexes/99_01_calcul_numeric.tex [37

] [38] [39] [40]) [41]
(sections/99_annexes/99_02_sistemes_lineals.tex [42

] [43])) [44]
("C:\PLS\Universidad\07 - Cuatrimestre 4A\Din치mica de Gases y Transferencia de
 Calor y Masa\gas_dynamics_heat_mass_transfer\projecte_02\Informe\auxdir\projec
t_02.aux")
Package rerunfilecheck Info: File `project_02.out' has not changed.
(rerunfilecheck)             Checksum: 339F80D5A26E124250423429008343E3;2974.
Package logreq Info: Writing requests to 'project_02.run.xml'.
\openout1 = `project_02.run.xml'.

 ) 
Here is how much of TeX's memory you used:
 33425 strings out of 479618
 664853 string characters out of 2865026
 1373272 words of memory out of 3000000
 49564 multiletter control sequences out of 15000+200000
 512591 words of font info for 109 fonts, out of 3000000 for 9000
 1141 hyphenation exceptions out of 8191
 92i,14n,92p,1548b,2033s stack positions out of 5000i,500n,10000p,200000b,50000s
{C:/Users/Pedro/AppData/Local/Programs/MiKTeX/fonts/enc/dvips/lm/lm-rm.enc}{C
:/Users/Pedro/AppData/Local/Programs/MiKTeX/fonts/enc/dvips/lm/lm-mathsy.enc}{C
:/Users/Pedro/AppData/Local/Programs/MiKTeX/fonts/enc/dvips/lm/lm-ec.enc}{C:/Us
ers/Pedro/AppData/Local/Programs/MiKTeX/fonts/enc/dvips/lm/lm-ts1.enc}{C:/Users
/Pedro/AppData/Local/Programs/MiKTeX/fonts/enc/dvips/lm/lm-mathit.enc}{C:/Users
/Pedro/AppData/Local/Programs/MiKTeX/fonts/enc/dvips/lm/lm-mathex.enc}<C:/Users
/Pedro/AppData/Local/Programs/MiKTeX/fonts/type1/public/lm/lmbsy10.pfb><C:/User
s/Pedro/AppData/Local/Programs/MiKTeX/fonts/type1/public/lm/lmbx10.pfb><C:/User
s/Pedro/AppData/Local/Programs/MiKTeX/fonts/type1/public/lm/lmbx12.pfb><C:/User
s/Pedro/AppData/Local/Programs/MiKTeX/fonts/type1/public/lm/lmbx6.pfb><C:/Users
/Pedro/AppData/Local/Programs/MiKTeX/fonts/type1/public/lm/lmcsc10.pfb><C:/User
s/Pedro/AppData/Local/Programs/MiKTeX/fonts/type1/public/lm/lmex10.pfb><C:/User
s/Pedro/AppData/Local/Programs/MiKTeX/fonts/type1/public/lm/lmmi10.pfb><C:/User
s/Pedro/AppData/Local/Programs/MiKTeX/fonts/type1/public/lm/lmmi6.pfb><C:/Users
/Pedro/AppData/Local/Programs/MiKTeX/fonts/type1/public/lm/lmmi8.pfb><C:/Users/
Pedro/AppData/Local/Programs/MiKTeX/fonts/type1/public/lm/lmr10.pfb><C:/Users/P
edro/AppData/Local/Programs/MiKTeX/fonts/type1/public/lm/lmr12.pfb><C:/Users/Pe
dro/AppData/Local/Programs/MiKTeX/fonts/type1/public/lm/lmr5.pfb><C:/Users/Pedr
o/AppData/Local/Programs/MiKTeX/fonts/type1/public/lm/lmr6.pfb><C:/Users/Pedro/
AppData/Local/Programs/MiKTeX/fonts/type1/public/lm/lmr7.pfb><C:/Users/Pedro/Ap
pData/Local/Programs/MiKTeX/fonts/type1/public/lm/lmr8.pfb><C:/Users/Pedro/AppD
ata/Local/Programs/MiKTeX/fonts/type1/public/lm/lmr9.pfb><C:/Users/Pedro/AppDat
a/Local/Programs/MiKTeX/fonts/type1/public/lm/lmri10.pfb><C:/Users/Pedro/AppDat
a/Local/Programs/MiKTeX/fonts/type1/public/lm/lmss10.pfb><C:/Users/Pedro/AppDat
a/Local/Programs/MiKTeX/fonts/type1/public/lm/lmsy10.pfb><C:/Users/Pedro/AppDat
a/Local/Programs/MiKTeX/fonts/type1/public/lm/lmsy6.pfb><C:/Users/Pedro/AppData
/Local/Programs/MiKTeX/fonts/type1/public/lm/lmsy8.pfb><C:/Users/Pedro/AppData/
Local/Programs/MiKTeX/fonts/type1/public/amsfonts/symbols/msbm10.pfb><C:/Users/
Pedro/AppData/Local/Programs/MiKTeX/fonts/type1/public/rsfs/rsfs10.pfb>
Output written on "C:\PLS\Universidad\07 - Cuatrimestre 4A\Din치mica de Gases y
 Transferencia de Calor y Masa\gas_dynamics_heat_mass_transfer\projecte_02\Info
rme\PDF\project_02.pdf" (46 pages, 16710771 bytes).
PDF statistics:
 1460 PDF objects out of 1728 (max. 8388607)
 263 named destinations out of 1000 (max. 500000)
 626 words of extra memory for PDF output out of 10000 (max. 10000000)

