\BOOKMARK [1][-]{section.1}{Introducci\363}{}% 1
\BOOKMARK [1][-]{section.2}{Estudi del problema}{}% 2
\BOOKMARK [2][-]{subsection.2.1}{Estudi anal\355tic}{section.2}% 3
\BOOKMARK [3][-]{subsubsection.2.1.1}{Equaci\363 diferencial de la transfer\350ncia de calor per conducci\363}{subsection.2.1}% 4
\BOOKMARK [3][-]{subsubsection.2.1.2}{Problema de Cauchy}{subsection.2.1}% 5
\BOOKMARK [2][-]{subsection.2.2}{Estudi num\350ric}{section.2}% 6
\BOOKMARK [3][-]{subsubsection.2.2.1}{Discretitzaci\363 espacial}{subsection.2.2}% 7
\BOOKMARK [3][-]{subsubsection.2.2.2}{Discretitzaci\363 temporal}{subsection.2.2}% 8
\BOOKMARK [3][-]{subsubsection.2.2.3}{Equaci\363 de discretitzaci\363 dels nodes interns }{subsection.2.2}% 9
\BOOKMARK [3][-]{subsubsection.2.2.4}{Equaci\363 de discretitzaci\363 dels nodes inferiors }{subsection.2.2}% 10
\BOOKMARK [3][-]{subsubsection.2.2.5}{Equaci\363 de discretitzaci\363 dels nodes superiors }{subsection.2.2}% 11
\BOOKMARK [3][-]{subsubsection.2.2.6}{Equaci\363 de discretitzaci\363 dels nodes esquerres }{subsection.2.2}% 12
\BOOKMARK [3][-]{subsubsection.2.2.7}{Equaci\363 de discretitzaci\363 dels nodes drets }{subsection.2.2}% 13
\BOOKMARK [3][-]{subsubsection.2.2.8}{Nodes singulars}{subsection.2.2}% 14
\BOOKMARK [3][-]{subsubsection.2.2.9}{Algoritme de resoluci\363}{subsection.2.2}% 15
\BOOKMARK [1][-]{section.3}{Validaci\363}{}% 16
\BOOKMARK [2][-]{subsection.3.1}{Validaci\363 1: Primer Principi de la Termodin\340mica}{section.3}% 17
\BOOKMARK [2][-]{subsection.3.2}{Validaci\363 2: C\340lcul d'isotermes}{section.3}% 18
\BOOKMARK [1][-]{section.4}{An\340lisi d'influ\350ncia de dades num\350riques}{}% 19
\BOOKMARK [2][-]{subsection.4.1}{Densitat de malla}{section.4}% 20
\BOOKMARK [2][-]{subsection.4.2}{Pas de temps}{section.4}% 21
\BOOKMARK [2][-]{subsection.4.3}{Esquema d'integraci\363 temporal}{section.4}% 22
\BOOKMARK [2][-]{subsection.4.4}{Resultats}{section.4}% 23
\BOOKMARK [1][-]{section.5}{Variaci\363 en la geometria i en les condicions de contorn}{}% 24
\BOOKMARK [2][-]{subsection.5.1}{Plantejament}{section.5}% 25
\BOOKMARK [2][-]{subsection.5.2}{Estudi num\350ric}{section.5}% 26
\BOOKMARK [3][-]{subsubsection.5.2.1}{Discretitzaci\363 espacial i temporal}{subsection.5.2}% 27
\BOOKMARK [3][-]{subsubsection.5.2.2}{Equacions de discretitzaci\363}{subsection.5.2}% 28
\BOOKMARK [2][-]{subsection.5.3}{Resultats}{section.5}% 29
\BOOKMARK [1][-]{appendix.A}{C\340lcul num\350ric de derivades i integrals}{}% 30
\BOOKMARK [2][-]{subsection.A.1}{Interpolaci\363 polin\362mica i polinomi de Taylor}{appendix.A}% 31
\BOOKMARK [2][-]{subsection.A.2}{C\340lcul num\350ric de derivades}{appendix.A}% 32
\BOOKMARK [2][-]{subsection.A.3}{C\340lcul num\350ric d'integrals}{appendix.A}% 33
\BOOKMARK [1][-]{appendix.B}{Resoluci\363 num\350rica de sistemes lineals}{}% 34
\BOOKMARK [2][-]{subsection.B.1}{Factoritzaci\363 LU}{appendix.B}% 35
\BOOKMARK [2][-]{subsection.B.2}{M\350tode de Gauss\205Seidel}{appendix.B}% 36
